#
# There is insufficient memory for the Java Runtime Environment to continue.
# Native memory allocation (malloc) failed to allocate 44720 bytes for Chunk::new
# Possible reasons:
#   The system is out of physical RAM or swap space
#   The process is running with CompressedOops enabled, and the Java Heap may be blocking the growth of the native heap
# Possible solutions:
#   Reduce memory load on the system
#   Increase physical memory or swap space
#   Check if swap backing store is full
#   Decrease Java heap size (-Xmx/-Xms)
#   Decrease number of Java threads
#   Decrease Java thread stack sizes (-Xss)
#   Set larger code cache with -XX:ReservedCodeCacheSize=
#   JVM is running with Unscaled Compressed Oops mode in which the Java heap is
#     placed in the first 4GB address space. The Java Heap base address is the
#     maximum limit for the native heap growth. Please use -XX:HeapBaseMinAddress
#     to set the Java Heap base and to place the Java Heap above 4GB virtual address.
# This output file may be truncated or incomplete.
#
#  Out of Memory Error (arena.cpp:184), pid=7004, tid=12892
#
# JRE version: Java(TM) SE Runtime Environment (18.0.2.1+1) (build 18.0.2.1+1-1)
# Java VM: Java HotSpot(TM) 64-Bit Server VM (18.0.2.1+1-1, mixed mode, sharing, tiered, compressed oops, compressed class ptrs, g1 gc, windows-amd64)
# No core dump will be written. Minidumps are not enabled by default on client versions of Windows
#

---------------  S U M M A R Y ------------

Command Line: -ea -Didea.test.cyclic.buffer.size=1048576 -javaagent:C:\Program Files\JetBrains\IntelliJ IDEA Community Edition 2022.2.1\lib\idea_rt.jar=65403:C:\Program Files\JetBrains\IntelliJ IDEA Community Edition 2022.2.1\bin -Dfile.encoding=UTF-8 -Dsun.stdout.encoding=UTF-8 -Dsun.stderr.encoding=UTF-8 com.intellij.rt.junit.JUnitStarter -ideVersion5 -junit5 core.basesyntax.service.impl.ParserServiceImplTest

Host: Intel(R) Core(TM) i5-7200U CPU @ 2.50GHz, 4 cores, 7G,  Windows 10 , 64 bit Build 19041 (10.0.19041.2913)
Time: Mon Jun  5 07:12:47 2023  Windows 10 , 64 bit Build 19041 (10.0.19041.2913) elapsed time: 0.310347 seconds (0d 0h 0m 0s)

---------------  T H R E A D  ---------------

Current thread (0x00000243d47d3570):  JavaThread "C2 CompilerThread0" daemon [_thread_in_native, id=12892, stack(0x000000e29f900000,0x000000e29fa00000)]


Current CompileTask:
C2:    310  352 %     4       java.lang.StringLatin1::indexOfChar @ 7 (33 bytes)

Stack: [0x000000e29f900000,0x000000e29fa00000]
Native frames: (J=compiled Java code, j=interpreted, Vv=VM code, C=native code)
V  [jvm.dll+0x6993aa]
V  [jvm.dll+0x7f46dd]
V  [jvm.dll+0x7f5fee]
V  [jvm.dll+0x7f66a3]
V  [jvm.dll+0x25cf1f]
V  [jvm.dll+0xb8c2f]
V  [jvm.dll+0xb8fa5]
V  [jvm.dll+0x3860cb]
V  [jvm.dll+0x34fe71]
V  [jvm.dll+0x34f30a]
V  [jvm.dll+0x230101]
V  [jvm.dll+0x22f4d1]
V  [jvm.dll+0x1ba01c]
V  [jvm.dll+0x23ee0a]
V  [jvm.dll+0x23d0f5]
V  [jvm.dll+0x7a6dd1]
V  [jvm.dll+0x7a120a]
V  [jvm.dll+0x698255]
C  [ucrtbase.dll+0x21bb2]
C  [KERNEL32.DLL+0x17614]
C  [ntdll.dll+0x526a1]


---------------  P R O C E S S  ---------------

Threads class SMR info:
_java_thread_list=0x00000243d8d0ee90, length=13, elements={
0x00000243b6eb5af0, 0x00000243d47b0ec0, 0x00000243d47b21d0, 0x00000243d47cc120,
0x00000243d47cc9d0, 0x00000243d47cda20, 0x00000243d47cebb0, 0x00000243d47d3570,
0x00000243d47f58a0, 0x00000243d47f8940, 0x00000243d8c797b0, 0x00000243d8d5f630,
0x00000243d8d5faf0
}

Java Threads: ( => current thread )
  0x00000243b6eb5af0 JavaThread "main" [_thread_in_vm, id=9512, stack(0x000000e29ec00000,0x000000e29ed00000)]
  0x00000243d47b0ec0 JavaThread "Reference Handler" daemon [_thread_blocked, id=8880, stack(0x000000e29f300000,0x000000e29f400000)]
  0x00000243d47b21d0 JavaThread "Finalizer" daemon [_thread_blocked, id=1096, stack(0x000000e29f400000,0x000000e29f500000)]
  0x00000243d47cc120 JavaThread "Signal Dispatcher" daemon [_thread_blocked, id=9564, stack(0x000000e29f500000,0x000000e29f600000)]
  0x00000243d47cc9d0 JavaThread "Attach Listener" daemon [_thread_blocked, id=2928, stack(0x000000e29f600000,0x000000e29f700000)]
  0x00000243d47cda20 JavaThread "Service Thread" daemon [_thread_blocked, id=1896, stack(0x000000e29f700000,0x000000e29f800000)]
  0x00000243d47cebb0 JavaThread "Monitor Deflation Thread" daemon [_thread_blocked, id=6940, stack(0x000000e29f800000,0x000000e29f900000)]
=>0x00000243d47d3570 JavaThread "C2 CompilerThread0" daemon [_thread_in_native, id=12892, stack(0x000000e29f900000,0x000000e29fa00000)]
  0x00000243d47f58a0 JavaThread "C1 CompilerThread0" daemon [_thread_blocked, id=824, stack(0x000000e29fa00000,0x000000e29fb00000)]
  0x00000243d47f8940 JavaThread "Sweeper thread" daemon [_thread_blocked, id=7272, stack(0x000000e29fb00000,0x000000e29fc00000)]
  0x00000243d8c797b0 JavaThread "Common-Cleaner" daemon [_thread_blocked, id=5324, stack(0x000000e29fc00000,0x000000e29fd00000)]
  0x00000243d8d5f630 JavaThread "Monitor Ctrl-Break" daemon [_thread_in_native, id=9448, stack(0x000000e29fd00000,0x000000e29fe00000)]
  0x00000243d8d5faf0 JavaThread "Notification Thread" daemon [_thread_blocked, id=13004, stack(0x000000e29fe00000,0x000000e29ff00000)]

Other Threads:
  0x00000243d47ad810 VMThread "VM Thread" [stack: 0x000000e29f200000,0x000000e29f300000] [id=1336]
  0x00000243b6eb68a0 WatcherThread "VM Periodic Task Thread" [stack: 0x000000e29ff00000,0x000000e2a0000000] [id=11088]
  0x00000243b6f157c0 WorkerThread "GC Thread#0" [stack: 0x000000e29ed00000,0x000000e29ee00000] [id=3684]
  0x00000243b6f26340 ConcurrentGCThread "G1 Main Marker" [stack: 0x000000e29ee00000,0x000000e29ef00000] [id=2948]
  0x00000243b6f273e0 WorkerThread "G1 Conc#0" [stack: 0x000000e29ef00000,0x000000e29f000000] [id=6680]
  0x00000243b6f66d20 ConcurrentGCThread "G1 Refine#0" [stack: 0x000000e29f000000,0x000000e29f100000] [id=6908]
  0x00000243b6f67540 ConcurrentGCThread "G1 Service" [stack: 0x000000e29f100000,0x000000e29f200000] [id=2916]

Threads with active compile tasks:
C2 CompilerThread0      346  352 %     4       java.lang.StringLatin1::indexOfChar @ 7 (33 bytes)

VM state: not at safepoint (normal execution)

VM Mutex/Monitor currently owned by a thread: None

Heap address: 0x0000000081600000, size: 2026 MB, Compressed Oops mode: 32-bit

CDS archive(s) mapped at: [0x0000000800000000-0x0000000800ba0000-0x0000000800ba0000), size 12189696, SharedBaseAddress: 0x0000000800000000, ArchiveRelocationMode: 0.
Compressed class space mapped at: 0x0000000800c00000-0x0000000840c00000, reserved size: 1073741824
Narrow klass base: 0x0000000800000000, Narrow klass shift: 0, Narrow klass range: 0x100000000

GC Precious Log:
 CardTable entry size: 512
 Card Set container configuration: InlinePtr #cards 5 size 8 Array Of Cards #cards 12 size 40 Howl #buckets 4 coarsen threshold 1843 Howl Bitmap #cards 512 size 80 coarsen threshold 460 Card regions per heap region 1 cards per card region 2048
 CPUs: 4 total, 4 available
 Memory: 8100M
 Large Page Support: Disabled
 NUMA Support: Disabled
 Compressed Oops: Enabled (32-bit)
 Heap Region Size: 1M
 Heap Min Capacity: 8M
 Heap Initial Capacity: 128M
 Heap Max Capacity: 2026M
 Pre-touch: Disabled
 Parallel Workers: 4
 Concurrent Workers: 1
 Concurrent Refinement Workers: 4
 Periodic GC: Disabled

Heap:
 garbage-first heap   total 131072K, used 3072K [0x0000000081600000, 0x0000000100000000)
  region size 1024K, 4 young (4096K), 0 survivors (0K)
 Metaspace       used 1545K, committed 1664K, reserved 1114112K
  class space    used 132K, committed 192K, reserved 1048576K

Heap Regions: E=young(eden), S=young(survivor), O=old, HS=humongous(starts), HC=humongous(continues), CS=collection set, F=free, OA=open archive, CA=closed archive, TAMS=top-at-mark-start (previous, next)
|   0|0x0000000081600000, 0x0000000081600000, 0x0000000081700000|  0%| F|  |TAMS 0x0000000081600000, 0x0000000081600000| Untracked 
|   1|0x0000000081700000, 0x0000000081700000, 0x0000000081800000|  0%| F|  |TAMS 0x0000000081700000, 0x0000000081700000| Untracked 
|   2|0x0000000081800000, 0x0000000081800000, 0x0000000081900000|  0%| F|  |TAMS 0x0000000081800000, 0x0000000081800000| Untracked 
|   3|0x0000000081900000, 0x0000000081900000, 0x0000000081a00000|  0%| F|  |TAMS 0x0000000081900000, 0x0000000081900000| Untracked 
|   4|0x0000000081a00000, 0x0000000081a00000, 0x0000000081b00000|  0%| F|  |TAMS 0x0000000081a00000, 0x0000000081a00000| Untracked 
|   5|0x0000000081b00000, 0x0000000081b00000, 0x0000000081c00000|  0%| F|  |TAMS 0x0000000081b00000, 0x0000000081b00000| Untracked 
|   6|0x0000000081c00000, 0x0000000081c00000, 0x0000000081d00000|  0%| F|  |TAMS 0x0000000081c00000, 0x0000000081c00000| Untracked 
|   7|0x0000000081d00000, 0x0000000081d00000, 0x0000000081e00000|  0%| F|  |TAMS 0x0000000081d00000, 0x0000000081d00000| Untracked 
|   8|0x0000000081e00000, 0x0000000081e00000, 0x0000000081f00000|  0%| F|  |TAMS 0x0000000081e00000, 0x0000000081e00000| Untracked 
|   9|0x0000000081f00000, 0x0000000081f00000, 0x0000000082000000|  0%| F|  |TAMS 0x0000000081f00000, 0x0000000081f00000| Untracked 
|  10|0x0000000082000000, 0x0000000082000000, 0x0000000082100000|  0%| F|  |TAMS 0x0000000082000000, 0x0000000082000000| Untracked 
|  11|0x0000000082100000, 0x0000000082100000, 0x0000000082200000|  0%| F|  |TAMS 0x0000000082100000, 0x0000000082100000| Untracked 
|  12|0x0000000082200000, 0x0000000082200000, 0x0000000082300000|  0%| F|  |TAMS 0x0000000082200000, 0x0000000082200000| Untracked 
|  13|0x0000000082300000, 0x0000000082300000, 0x0000000082400000|  0%| F|  |TAMS 0x0000000082300000, 0x0000000082300000| Untracked 
|  14|0x0000000082400000, 0x0000000082400000, 0x0000000082500000|  0%| F|  |TAMS 0x0000000082400000, 0x0000000082400000| Untracked 
|  15|0x0000000082500000, 0x0000000082500000, 0x0000000082600000|  0%| F|  |TAMS 0x0000000082500000, 0x0000000082500000| Untracked 
|  16|0x0000000082600000, 0x0000000082600000, 0x0000000082700000|  0%| F|  |TAMS 0x0000000082600000, 0x0000000082600000| Untracked 
|  17|0x0000000082700000, 0x0000000082700000, 0x0000000082800000|  0%| F|  |TAMS 0x0000000082700000, 0x0000000082700000| Untracked 
|  18|0x0000000082800000, 0x0000000082800000, 0x0000000082900000|  0%| F|  |TAMS 0x0000000082800000, 0x0000000082800000| Untracked 
|  19|0x0000000082900000, 0x0000000082900000, 0x0000000082a00000|  0%| F|  |TAMS 0x0000000082900000, 0x0000000082900000| Untracked 
|  20|0x0000000082a00000, 0x0000000082a00000, 0x0000000082b00000|  0%| F|  |TAMS 0x0000000082a00000, 0x0000000082a00000| Untracked 
|  21|0x0000000082b00000, 0x0000000082b00000, 0x0000000082c00000|  0%| F|  |TAMS 0x0000000082b00000, 0x0000000082b00000| Untracked 
|  22|0x0000000082c00000, 0x0000000082c00000, 0x0000000082d00000|  0%| F|  |TAMS 0x0000000082c00000, 0x0000000082c00000| Untracked 
|  23|0x0000000082d00000, 0x0000000082d00000, 0x0000000082e00000|  0%| F|  |TAMS 0x0000000082d00000, 0x0000000082d00000| Untracked 
|  24|0x0000000082e00000, 0x0000000082e00000, 0x0000000082f00000|  0%| F|  |TAMS 0x0000000082e00000, 0x0000000082e00000| Untracked 
|  25|0x0000000082f00000, 0x0000000082f00000, 0x0000000083000000|  0%| F|  |TAMS 0x0000000082f00000, 0x0000000082f00000| Untracked 
|  26|0x0000000083000000, 0x0000000083000000, 0x0000000083100000|  0%| F|  |TAMS 0x0000000083000000, 0x0000000083000000| Untracked 
|  27|0x0000000083100000, 0x0000000083100000, 0x0000000083200000|  0%| F|  |TAMS 0x0000000083100000, 0x0000000083100000| Untracked 
|  28|0x0000000083200000, 0x0000000083200000, 0x0000000083300000|  0%| F|  |TAMS 0x0000000083200000, 0x0000000083200000| Untracked 
|  29|0x0000000083300000, 0x0000000083300000, 0x0000000083400000|  0%| F|  |TAMS 0x0000000083300000, 0x0000000083300000| Untracked 
|  30|0x0000000083400000, 0x0000000083400000, 0x0000000083500000|  0%| F|  |TAMS 0x0000000083400000, 0x0000000083400000| Untracked 
|  31|0x0000000083500000, 0x0000000083500000, 0x0000000083600000|  0%| F|  |TAMS 0x0000000083500000, 0x0000000083500000| Untracked 
|  32|0x0000000083600000, 0x0000000083600000, 0x0000000083700000|  0%| F|  |TAMS 0x0000000083600000, 0x0000000083600000| Untracked 
|  33|0x0000000083700000, 0x0000000083700000, 0x0000000083800000|  0%| F|  |TAMS 0x0000000083700000, 0x0000000083700000| Untracked 
|  34|0x0000000083800000, 0x0000000083800000, 0x0000000083900000|  0%| F|  |TAMS 0x0000000083800000, 0x0000000083800000| Untracked 
|  35|0x0000000083900000, 0x0000000083900000, 0x0000000083a00000|  0%| F|  |TAMS 0x0000000083900000, 0x0000000083900000| Untracked 
|  36|0x0000000083a00000, 0x0000000083a00000, 0x0000000083b00000|  0%| F|  |TAMS 0x0000000083a00000, 0x0000000083a00000| Untracked 
|  37|0x0000000083b00000, 0x0000000083b00000, 0x0000000083c00000|  0%| F|  |TAMS 0x0000000083b00000, 0x0000000083b00000| Untracked 
|  38|0x0000000083c00000, 0x0000000083c00000, 0x0000000083d00000|  0%| F|  |TAMS 0x0000000083c00000, 0x0000000083c00000| Untracked 
|  39|0x0000000083d00000, 0x0000000083d00000, 0x0000000083e00000|  0%| F|  |TAMS 0x0000000083d00000, 0x0000000083d00000| Untracked 
|  40|0x0000000083e00000, 0x0000000083e00000, 0x0000000083f00000|  0%| F|  |TAMS 0x0000000083e00000, 0x0000000083e00000| Untracked 
|  41|0x0000000083f00000, 0x0000000083f00000, 0x0000000084000000|  0%| F|  |TAMS 0x0000000083f00000, 0x0000000083f00000| Untracked 
|  42|0x0000000084000000, 0x0000000084000000, 0x0000000084100000|  0%| F|  |TAMS 0x0000000084000000, 0x0000000084000000| Untracked 
|  43|0x0000000084100000, 0x0000000084100000, 0x0000000084200000|  0%| F|  |TAMS 0x0000000084100000, 0x0000000084100000| Untracked 
|  44|0x0000000084200000, 0x0000000084200000, 0x0000000084300000|  0%| F|  |TAMS 0x0000000084200000, 0x0000000084200000| Untracked 
|  45|0x0000000084300000, 0x0000000084300000, 0x0000000084400000|  0%| F|  |TAMS 0x0000000084300000, 0x0000000084300000| Untracked 
|  46|0x0000000084400000, 0x0000000084400000, 0x0000000084500000|  0%| F|  |TAMS 0x0000000084400000, 0x0000000084400000| Untracked 
|  47|0x0000000084500000, 0x0000000084500000, 0x0000000084600000|  0%| F|  |TAMS 0x0000000084500000, 0x0000000084500000| Untracked 
|  48|0x0000000084600000, 0x0000000084600000, 0x0000000084700000|  0%| F|  |TAMS 0x0000000084600000, 0x0000000084600000| Untracked 
|  49|0x0000000084700000, 0x0000000084700000, 0x0000000084800000|  0%| F|  |TAMS 0x0000000084700000, 0x0000000084700000| Untracked 
|  50|0x0000000084800000, 0x0000000084800000, 0x0000000084900000|  0%| F|  |TAMS 0x0000000084800000, 0x0000000084800000| Untracked 
|  51|0x0000000084900000, 0x0000000084900000, 0x0000000084a00000|  0%| F|  |TAMS 0x0000000084900000, 0x0000000084900000| Untracked 
|  52|0x0000000084a00000, 0x0000000084a00000, 0x0000000084b00000|  0%| F|  |TAMS 0x0000000084a00000, 0x0000000084a00000| Untracked 
|  53|0x0000000084b00000, 0x0000000084b00000, 0x0000000084c00000|  0%| F|  |TAMS 0x0000000084b00000, 0x0000000084b00000| Untracked 
|  54|0x0000000084c00000, 0x0000000084c00000, 0x0000000084d00000|  0%| F|  |TAMS 0x0000000084c00000, 0x0000000084c00000| Untracked 
|  55|0x0000000084d00000, 0x0000000084d00000, 0x0000000084e00000|  0%| F|  |TAMS 0x0000000084d00000, 0x0000000084d00000| Untracked 
|  56|0x0000000084e00000, 0x0000000084e00000, 0x0000000084f00000|  0%| F|  |TAMS 0x0000000084e00000, 0x0000000084e00000| Untracked 
|  57|0x0000000084f00000, 0x0000000084f00000, 0x0000000085000000|  0%| F|  |TAMS 0x0000000084f00000, 0x0000000084f00000| Untracked 
|  58|0x0000000085000000, 0x0000000085000000, 0x0000000085100000|  0%| F|  |TAMS 0x0000000085000000, 0x0000000085000000| Untracked 
|  59|0x0000000085100000, 0x0000000085100000, 0x0000000085200000|  0%| F|  |TAMS 0x0000000085100000, 0x0000000085100000| Untracked 
|  60|0x0000000085200000, 0x0000000085200000, 0x0000000085300000|  0%| F|  |TAMS 0x0000000085200000, 0x0000000085200000| Untracked 
|  61|0x0000000085300000, 0x0000000085300000, 0x0000000085400000|  0%| F|  |TAMS 0x0000000085300000, 0x0000000085300000| Untracked 
|  62|0x0000000085400000, 0x0000000085400000, 0x0000000085500000|  0%| F|  |TAMS 0x0000000085400000, 0x0000000085400000| Untracked 
|  63|0x0000000085500000, 0x0000000085500000, 0x0000000085600000|  0%| F|  |TAMS 0x0000000085500000, 0x0000000085500000| Untracked 
|  64|0x0000000085600000, 0x0000000085600000, 0x0000000085700000|  0%| F|  |TAMS 0x0000000085600000, 0x0000000085600000| Untracked 
|  65|0x0000000085700000, 0x0000000085700000, 0x0000000085800000|  0%| F|  |TAMS 0x0000000085700000, 0x0000000085700000| Untracked 
|  66|0x0000000085800000, 0x0000000085800000, 0x0000000085900000|  0%| F|  |TAMS 0x0000000085800000, 0x0000000085800000| Untracked 
|  67|0x0000000085900000, 0x0000000085900000, 0x0000000085a00000|  0%| F|  |TAMS 0x0000000085900000, 0x0000000085900000| Untracked 
|  68|0x0000000085a00000, 0x0000000085a00000, 0x0000000085b00000|  0%| F|  |TAMS 0x0000000085a00000, 0x0000000085a00000| Untracked 
|  69|0x0000000085b00000, 0x0000000085b00000, 0x0000000085c00000|  0%| F|  |TAMS 0x0000000085b00000, 0x0000000085b00000| Untracked 
|  70|0x0000000085c00000, 0x0000000085c00000, 0x0000000085d00000|  0%| F|  |TAMS 0x0000000085c00000, 0x0000000085c00000| Untracked 
|  71|0x0000000085d00000, 0x0000000085d00000, 0x0000000085e00000|  0%| F|  |TAMS 0x0000000085d00000, 0x0000000085d00000| Untracked 
|  72|0x0000000085e00000, 0x0000000085e00000, 0x0000000085f00000|  0%| F|  |TAMS 0x0000000085e00000, 0x0000000085e00000| Untracked 
|  73|0x0000000085f00000, 0x0000000085f00000, 0x0000000086000000|  0%| F|  |TAMS 0x0000000085f00000, 0x0000000085f00000| Untracked 
|  74|0x0000000086000000, 0x0000000086000000, 0x0000000086100000|  0%| F|  |TAMS 0x0000000086000000, 0x0000000086000000| Untracked 
|  75|0x0000000086100000, 0x0000000086100000, 0x0000000086200000|  0%| F|  |TAMS 0x0000000086100000, 0x0000000086100000| Untracked 
|  76|0x0000000086200000, 0x0000000086200000, 0x0000000086300000|  0%| F|  |TAMS 0x0000000086200000, 0x0000000086200000| Untracked 
|  77|0x0000000086300000, 0x0000000086300000, 0x0000000086400000|  0%| F|  |TAMS 0x0000000086300000, 0x0000000086300000| Untracked 
|  78|0x0000000086400000, 0x0000000086400000, 0x0000000086500000|  0%| F|  |TAMS 0x0000000086400000, 0x0000000086400000| Untracked 
|  79|0x0000000086500000, 0x0000000086500000, 0x0000000086600000|  0%| F|  |TAMS 0x0000000086500000, 0x0000000086500000| Untracked 
|  80|0x0000000086600000, 0x0000000086600000, 0x0000000086700000|  0%| F|  |TAMS 0x0000000086600000, 0x0000000086600000| Untracked 
|  81|0x0000000086700000, 0x0000000086700000, 0x0000000086800000|  0%| F|  |TAMS 0x0000000086700000, 0x0000000086700000| Untracked 
|  82|0x0000000086800000, 0x0000000086800000, 0x0000000086900000|  0%| F|  |TAMS 0x0000000086800000, 0x0000000086800000| Untracked 
|  83|0x0000000086900000, 0x0000000086900000, 0x0000000086a00000|  0%| F|  |TAMS 0x0000000086900000, 0x0000000086900000| Untracked 
|  84|0x0000000086a00000, 0x0000000086a00000, 0x0000000086b00000|  0%| F|  |TAMS 0x0000000086a00000, 0x0000000086a00000| Untracked 
|  85|0x0000000086b00000, 0x0000000086b00000, 0x0000000086c00000|  0%| F|  |TAMS 0x0000000086b00000, 0x0000000086b00000| Untracked 
|  86|0x0000000086c00000, 0x0000000086c00000, 0x0000000086d00000|  0%| F|  |TAMS 0x0000000086c00000, 0x0000000086c00000| Untracked 
|  87|0x0000000086d00000, 0x0000000086d00000, 0x0000000086e00000|  0%| F|  |TAMS 0x0000000086d00000, 0x0000000086d00000| Untracked 
|  88|0x0000000086e00000, 0x0000000086e00000, 0x0000000086f00000|  0%| F|  |TAMS 0x0000000086e00000, 0x0000000086e00000| Untracked 
|  89|0x0000000086f00000, 0x0000000086f00000, 0x0000000087000000|  0%| F|  |TAMS 0x0000000086f00000, 0x0000000086f00000| Untracked 
|  90|0x0000000087000000, 0x0000000087000000, 0x0000000087100000|  0%| F|  |TAMS 0x0000000087000000, 0x0000000087000000| Untracked 
|  91|0x0000000087100000, 0x0000000087100000, 0x0000000087200000|  0%| F|  |TAMS 0x0000000087100000, 0x0000000087100000| Untracked 
|  92|0x0000000087200000, 0x0000000087200000, 0x0000000087300000|  0%| F|  |TAMS 0x0000000087200000, 0x0000000087200000| Untracked 
|  93|0x0000000087300000, 0x0000000087300000, 0x0000000087400000|  0%| F|  |TAMS 0x0000000087300000, 0x0000000087300000| Untracked 
|  94|0x0000000087400000, 0x0000000087400000, 0x0000000087500000|  0%| F|  |TAMS 0x0000000087400000, 0x0000000087400000| Untracked 
|  95|0x0000000087500000, 0x0000000087500000, 0x0000000087600000|  0%| F|  |TAMS 0x0000000087500000, 0x0000000087500000| Untracked 
|  96|0x0000000087600000, 0x0000000087600000, 0x0000000087700000|  0%| F|  |TAMS 0x0000000087600000, 0x0000000087600000| Untracked 
|  97|0x0000000087700000, 0x0000000087700000, 0x0000000087800000|  0%| F|  |TAMS 0x0000000087700000, 0x0000000087700000| Untracked 
|  98|0x0000000087800000, 0x0000000087800000, 0x0000000087900000|  0%| F|  |TAMS 0x0000000087800000, 0x0000000087800000| Untracked 
|  99|0x0000000087900000, 0x0000000087900000, 0x0000000087a00000|  0%| F|  |TAMS 0x0000000087900000, 0x0000000087900000| Untracked 
| 100|0x0000000087a00000, 0x0000000087a00000, 0x0000000087b00000|  0%| F|  |TAMS 0x0000000087a00000, 0x0000000087a00000| Untracked 
| 101|0x0000000087b00000, 0x0000000087b00000, 0x0000000087c00000|  0%| F|  |TAMS 0x0000000087b00000, 0x0000000087b00000| Untracked 
| 102|0x0000000087c00000, 0x0000000087c00000, 0x0000000087d00000|  0%| F|  |TAMS 0x0000000087c00000, 0x0000000087c00000| Untracked 
| 103|0x0000000087d00000, 0x0000000087d00000, 0x0000000087e00000|  0%| F|  |TAMS 0x0000000087d00000, 0x0000000087d00000| Untracked 
| 104|0x0000000087e00000, 0x0000000087e00000, 0x0000000087f00000|  0%| F|  |TAMS 0x0000000087e00000, 0x0000000087e00000| Untracked 
| 105|0x0000000087f00000, 0x0000000087f00000, 0x0000000088000000|  0%| F|  |TAMS 0x0000000087f00000, 0x0000000087f00000| Untracked 
| 106|0x0000000088000000, 0x0000000088000000, 0x0000000088100000|  0%| F|  |TAMS 0x0000000088000000, 0x0000000088000000| Untracked 
| 107|0x0000000088100000, 0x0000000088100000, 0x0000000088200000|  0%| F|  |TAMS 0x0000000088100000, 0x0000000088100000| Untracked 
| 108|0x0000000088200000, 0x0000000088200000, 0x0000000088300000|  0%| F|  |TAMS 0x0000000088200000, 0x0000000088200000| Untracked 
| 109|0x0000000088300000, 0x0000000088300000, 0x0000000088400000|  0%| F|  |TAMS 0x0000000088300000, 0x0000000088300000| Untracked 
| 110|0x0000000088400000, 0x0000000088400000, 0x0000000088500000|  0%| F|  |TAMS 0x0000000088400000, 0x0000000088400000| Untracked 
| 111|0x0000000088500000, 0x0000000088500000, 0x0000000088600000|  0%| F|  |TAMS 0x0000000088500000, 0x0000000088500000| Untracked 
| 112|0x0000000088600000, 0x0000000088600000, 0x0000000088700000|  0%| F|  |TAMS 0x0000000088600000, 0x0000000088600000| Untracked 
| 113|0x0000000088700000, 0x0000000088700000, 0x0000000088800000|  0%| F|  |TAMS 0x0000000088700000, 0x0000000088700000| Untracked 
| 114|0x0000000088800000, 0x0000000088800000, 0x0000000088900000|  0%| F|  |TAMS 0x0000000088800000, 0x0000000088800000| Untracked 
| 115|0x0000000088900000, 0x0000000088900000, 0x0000000088a00000|  0%| F|  |TAMS 0x0000000088900000, 0x0000000088900000| Untracked 
| 116|0x0000000088a00000, 0x0000000088a00000, 0x0000000088b00000|  0%| F|  |TAMS 0x0000000088a00000, 0x0000000088a00000| Untracked 
| 117|0x0000000088b00000, 0x0000000088b00000, 0x0000000088c00000|  0%| F|  |TAMS 0x0000000088b00000, 0x0000000088b00000| Untracked 
| 118|0x0000000088c00000, 0x0000000088c00000, 0x0000000088d00000|  0%| F|  |TAMS 0x0000000088c00000, 0x0000000088c00000| Untracked 
| 119|0x0000000088d00000, 0x0000000088d00000, 0x0000000088e00000|  0%| F|  |TAMS 0x0000000088d00000, 0x0000000088d00000| Untracked 
| 120|0x0000000088e00000, 0x0000000088e00000, 0x0000000088f00000|  0%| F|  |TAMS 0x0000000088e00000, 0x0000000088e00000| Untracked 
| 121|0x0000000088f00000, 0x0000000088f00000, 0x0000000089000000|  0%| F|  |TAMS 0x0000000088f00000, 0x0000000088f00000| Untracked 
| 122|0x0000000089000000, 0x0000000089000000, 0x0000000089100000|  0%| F|  |TAMS 0x0000000089000000, 0x0000000089000000| Untracked 
| 123|0x0000000089100000, 0x0000000089100000, 0x0000000089200000|  0%| F|  |TAMS 0x0000000089100000, 0x0000000089100000| Untracked 
| 124|0x0000000089200000, 0x00000000892cce38, 0x0000000089300000| 80%| E|  |TAMS 0x0000000089200000, 0x0000000089200000| Complete 
| 125|0x0000000089300000, 0x0000000089400000, 0x0000000089400000|100%| E|CS|TAMS 0x0000000089300000, 0x0000000089300000| Complete 
| 126|0x0000000089400000, 0x0000000089500000, 0x0000000089500000|100%| E|CS|TAMS 0x0000000089400000, 0x0000000089400000| Complete 
| 127|0x0000000089500000, 0x0000000089600000, 0x0000000089600000|100%| E|CS|TAMS 0x0000000089500000, 0x0000000089500000| Complete 

Card table byte_map: [0x00000243cdbf0000,0x00000243cdff0000] _byte_map_base: 0x00000243cd7e5000

Marking Bits (Prev, Next): (CMBitMap*) 0x00000243b6f15cd0, (CMBitMap*) 0x00000243b6f15d10
 Prev Bits: [0x00000243ce3f0000, 0x00000243d0398000)
 Next Bits: [0x00000243d03a0000, 0x00000243d2348000)

Polling page: 0x00000243b4df0000

Metaspace:

Usage:
  Non-class:      1.40 MB used.
      Class:    133.56 KB used.
       Both:      1.53 MB used.

Virtual space:
  Non-class space:       64.00 MB reserved,       1.44 MB (  2%) committed,  1 nodes.
      Class space:        1.00 GB reserved,     192.00 KB ( <1%) committed,  1 nodes.
             Both:        1.06 GB reserved,       1.62 MB ( <1%) committed. 

Chunk freelists:
   Non-Class:  3.76 MB
       Class:  3.70 MB
        Both:  7.46 MB

MaxMetaspaceSize: unlimited
CompressedClassSpaceSize: 1.00 GB
Initial GC threshold: 21.00 MB
Current GC threshold: 21.00 MB
CDS: on
MetaspaceReclaimPolicy: balanced
 - commit_granule_bytes: 65536.
 - commit_granule_words: 8192.
 - virtual_space_node_default_size: 8388608.
 - enlarge_chunks_in_place: 1.
 - new_chunks_are_fully_committed: 0.
 - uncommit_free_chunks: 1.
 - use_allocation_guard: 0.


Internal statistics:

num_allocs_failed_limit: 0.
num_arena_births: 36.
num_arena_deaths: 0.
num_vsnodes_births: 2.
num_vsnodes_deaths: 0.
num_space_committed: 26.
num_space_uncommitted: 0.
num_chunks_returned_to_freelist: 0.
num_chunks_taken_from_freelist: 59.
num_chunk_merges: 0.
num_chunk_splits: 35.
num_chunks_enlarged: 19.
num_inconsistent_stats: 0.

CodeHeap 'non-profiled nmethods': size=120000Kb used=109Kb max_used=109Kb free=119891Kb
 bounds [0x00000243c62c0000, 0x00000243c6530000, 0x00000243cd7f0000]
CodeHeap 'profiled nmethods': size=120000Kb used=519Kb max_used=519Kb free=119480Kb
 bounds [0x00000243bed90000, 0x00000243bf000000, 0x00000243c62c0000]
CodeHeap 'non-nmethods': size=5760Kb used=1140Kb max_used=1153Kb free=4619Kb
 bounds [0x00000243be7f0000, 0x00000243bea60000, 0x00000243bed90000]
 total_blobs=787 nmethods=372 adapters=328
 compilation: enabled
              stopped_count=0, restarted_count=0
 full_count=0

Compilation events (20 events):
Event: 0.302 Thread 0x00000243d47f58a0 nmethod 344 0x00000243bee02a90 code [0x00000243bee02c40, 0x00000243bee02de8]
Event: 0.302 Thread 0x00000243d47f58a0  345       3       java.nio.Buffer::checkIndex (9 bytes)
Event: 0.302 Thread 0x00000243d47f58a0 nmethod 345 0x00000243bee02e90 code [0x00000243bee03040, 0x00000243bee031f8]
Event: 0.302 Thread 0x00000243d47f58a0  346   !   3       java.nio.DirectByteBuffer::get (34 bytes)
Event: 0.302 Thread 0x00000243d47d3570  349       4       java.lang.ref.Reference::reachabilityFence (1 bytes)
Event: 0.303 Thread 0x00000243d47d3570 nmethod 349 0x00000243c62d9c90 code [0x00000243c62d9e00, 0x00000243c62d9e58]
Event: 0.303 Thread 0x00000243d47f58a0 nmethod 346 0x00000243bee03310 code [0x00000243bee03560, 0x00000243bee03e38]
Event: 0.303 Thread 0x00000243d47f58a0  347       3       java.nio.DirectByteBuffer::ix (10 bytes)
Event: 0.303 Thread 0x00000243d47f58a0 nmethod 347 0x00000243bee04290 code [0x00000243bee04420, 0x00000243bee04538]
Event: 0.303 Thread 0x00000243d47f58a0  350   !   3       jdk.internal.misc.ScopedMemoryAccess::getByte (20 bytes)
Event: 0.303 Thread 0x00000243d47f58a0 nmethod 350 0x00000243bee04610 code [0x00000243bee047e0, 0x00000243bee04c38]
Event: 0.303 Thread 0x00000243d47f58a0  351   !   3       jdk.internal.misc.ScopedMemoryAccess::getByteInternal (36 bytes)
Event: 0.304 Thread 0x00000243d47f58a0 nmethod 351 0x00000243bee04e10 code [0x00000243bee04fc0, 0x00000243bee05228]
Event: 0.305 Thread 0x00000243d47d3570  352 %     4       java.lang.StringLatin1::indexOfChar @ 7 (33 bytes)
Event: 0.306 Thread 0x00000243d47f58a0  353       3       java.util.zip.ZipFile::ensureOpen (40 bytes)
Event: 0.306 Thread 0x00000243d47f58a0 nmethod 353 0x00000243bee05390 code [0x00000243bee05560, 0x00000243bee057f8]
Event: 0.306 Thread 0x00000243d47f58a0  355       3       java.lang.StringLatin1::toLowerCase (186 bytes)
Event: 0.307 Thread 0x00000243d47f58a0 nmethod 355 0x00000243bee05910 code [0x00000243bee05b80, 0x00000243bee066d8]
Event: 0.308 Thread 0x00000243d47f58a0  354       1       java.net.URL::getHost (5 bytes)
Event: 0.308 Thread 0x00000243d47f58a0 nmethod 354 0x00000243c62d9f90 code [0x00000243c62da120, 0x00000243c62da1f8]

GC Heap History (0 events):
No events

Deoptimization events (0 events):
No events

Classes loaded (20 events):
Event: 0.269 Loading class java/io/ObjectOutput done
Event: 0.269 Loading class java/io/ObjectStreamConstants
Event: 0.269 Loading class java/io/ObjectStreamConstants done
Event: 0.269 Loading class java/io/ObjectOutputStream done
Event: 0.269 Loading class java/io/ObjectInputStream
Event: 0.269 Loading class java/io/ObjectInput
Event: 0.269 Loading class java/io/ObjectInput done
Event: 0.270 Loading class java/io/ObjectInputStream done
Event: 0.273 Loading class java/lang/InterruptedException
Event: 0.273 Loading class java/lang/InterruptedException done
Event: 0.273 Loading class java/lang/CloneNotSupportedException
Event: 0.273 Loading class java/lang/CloneNotSupportedException done
Event: 0.273 Loading class java/io/ClassCache$CacheRef
Event: 0.273 Loading class java/io/ClassCache$CacheRef done
Event: 0.273 Loading class java/io/ObjectStreamClass$FieldReflectorKey
Event: 0.273 Loading class java/io/ObjectStreamClass$FieldReflectorKey done
Event: 0.273 Loading class java/io/ObjectStreamClass$FieldReflector
Event: 0.273 Loading class java/io/ObjectStreamClass$FieldReflector done
Event: 0.278 Loading class java/io/StringWriter
Event: 0.278 Loading class java/io/StringWriter done

Classes unloaded (0 events):
No events

Classes redefined (0 events):
No events

Internal exceptions (7 events):
Event: 0.166 Thread 0x00000243b6eb5af0 Exception <a 'java/lang/NoSuchMethodError'{0x00000000894c06a0}: 'void java.lang.invoke.DirectMethodHandle$Holder.invokeStatic(java.lang.Object, java.lang.Object, java.lang.Object)'> (0x00000000894c06a0) 
thrown [s\open\src\hotspot\share\interpreter\linkResolver.cpp, line 759]
Event: 0.178 Thread 0x00000243b6eb5af0 Exception <a 'java/lang/NoSuchMethodError'{0x00000000894d9608}: 'java.lang.Object java.lang.invoke.Invokers$Holder.invokeExact_MT(java.lang.Object, java.lang.Object, java.lang.Object, java.lang.Object, java.lang.Object)'> (0x00000000894d9608) 
thrown [s\open\src\hotspot\share\interpreter\linkResolver.cpp, line 759]
Event: 0.243 Thread 0x00000243d8d5f630 Exception <a 'java/lang/NoSuchMethodError'{0x000000008938cb08}: 'void java.lang.invoke.DirectMethodHandle$Holder.invokeStatic(java.lang.Object, java.lang.Object)'> (0x000000008938cb08) 
thrown [s\open\src\hotspot\share\interpreter\linkResolver.cpp, line 759]
Event: 0.246 Thread 0x00000243b6eb5af0 Exception <a 'java/lang/NoSuchMethodError'{0x000000008935b280}: 'java.lang.Object java.lang.invoke.DirectMethodHandle$Holder.invokeStaticInit(java.lang.Object, int)'> (0x000000008935b280) 
thrown [s\open\src\hotspot\share\interpreter\linkResolver.cpp, line 759]
Event: 0.262 Thread 0x00000243b6eb5af0 Exception <a 'java/lang/NoSuchMethodError'{0x00000000893cb7b0}: 'long java.lang.invoke.DirectMethodHandle$Holder.invokeSpecial(java.lang.Object, java.lang.Object)'> (0x00000000893cb7b0) 
thrown [s\open\src\hotspot\share\interpreter\linkResolver.cpp, line 759]
Event: 0.263 Thread 0x00000243b6eb5af0 Exception <a 'java/lang/NoSuchMethodError'{0x00000000893cef60}: 'long java.lang.invoke.Invokers$Holder.invokeExact_MT(java.lang.Object, java.lang.Object)'> (0x00000000893cef60) 
thrown [s\open\src\hotspot\share\interpreter\linkResolver.cpp, line 759]
Event: 0.274 Thread 0x00000243b6eb5af0 Exception <a 'java/lang/NoSuchMethodError'{0x00000000893e6a60}: 'java.lang.Object java.lang.invoke.DirectMethodHandle$Holder.invokeInterface(java.lang.Object, java.lang.Object)'> (0x00000000893e6a60) 
thrown [s\open\src\hotspot\share\interpreter\linkResolver.cpp, line 759]

VM Operations (4 events):
Event: 0.108 Executing VM operation: HandshakeAllThreads
Event: 0.108 Executing VM operation: HandshakeAllThreads done
Event: 0.234 Executing VM operation: HandshakeAllThreads
Event: 0.234 Executing VM operation: HandshakeAllThreads done

Events (20 events):
Event: 0.027 Thread 0x00000243b6eb5af0 Thread added: 0x00000243b6eb5af0
Event: 0.031 Thread 0x00000243d47b0ec0 Thread added: 0x00000243d47b0ec0
Event: 0.031 Thread 0x00000243d47b21d0 Thread added: 0x00000243d47b21d0
Event: 0.047 Thread 0x00000243d47cc120 Thread added: 0x00000243d47cc120
Event: 0.047 Thread 0x00000243d47cc9d0 Thread added: 0x00000243d47cc9d0
Event: 0.048 Thread 0x00000243d47cda20 Thread added: 0x00000243d47cda20
Event: 0.048 Thread 0x00000243d47cebb0 Thread added: 0x00000243d47cebb0
Event: 0.048 Thread 0x00000243d47d3570 Thread added: 0x00000243d47d3570
Event: 0.048 Thread 0x00000243d47f58a0 Thread added: 0x00000243d47f58a0
Event: 0.048 Thread 0x00000243d47f8940 Thread added: 0x00000243d47f8940
Event: 0.095 Thread 0x00000243d8c797b0 Thread added: 0x00000243d8c797b0
Event: 0.135 Loaded shared library C:\Program Files\Java\jdk-18.0.2.1\bin\zip.dll
Event: 0.141 Loaded shared library C:\Program Files\Java\jdk-18.0.2.1\bin\instrument.dll
Event: 0.150 Loaded shared library C:\Program Files\Java\jdk-18.0.2.1\bin\net.dll
Event: 0.153 Loaded shared library C:\Program Files\Java\jdk-18.0.2.1\bin\nio.dll
Event: 0.158 Loaded shared library C:\Program Files\Java\jdk-18.0.2.1\bin\zip.dll
Event: 0.188 Loaded shared library C:\Program Files\JetBrains\IntelliJ IDEA Community Edition 2022.2.1\bin\breakgen64.dll
Event: 0.190 Thread 0x00000243d8d5f630 Thread added: 0x00000243d8d5f630
Event: 0.190 Thread 0x00000243d8d5faf0 Thread added: 0x00000243d8d5faf0
Event: 0.300 Loaded shared library C:\Program Files\Java\jdk-18.0.2.1\bin\jimage.dll


Dynamic libraries:
0x00007ff63a440000 - 0x00007ff63a450000 	C:\Program Files\Java\jdk-18.0.2.1\bin\java.exe
0x00007ffabbc30000 - 0x00007ffabbe28000 	C:\Windows\SYSTEM32\ntdll.dll
0x00007ffabab70000 - 0x00007ffabac2f000 	C:\Windows\System32\KERNEL32.DLL
0x00007ffab9990000 - 0x00007ffab9c86000 	C:\Windows\System32\KERNELBASE.dll
0x00007ffab9500000 - 0x00007ffab9600000 	C:\Windows\System32\ucrtbase.dll
0x00007ffaa4510000 - 0x00007ffaa4528000 	C:\Program Files\Java\jdk-18.0.2.1\bin\jli.dll
0x00007ffabb820000 - 0x00007ffabb8cf000 	C:\Windows\System32\ADVAPI32.dll
0x00007ffabaab0000 - 0x00007ffabab4e000 	C:\Windows\System32\msvcrt.dll
0x00007ffaa4350000 - 0x00007ffaa436a000 	C:\Program Files\Java\jdk-18.0.2.1\bin\VCRUNTIME140.dll
0x00007ffabb3f0000 - 0x00007ffabb48c000 	C:\Windows\System32\sechost.dll
0x00007ffabb040000 - 0x00007ffabb166000 	C:\Windows\System32\RPCRT4.dll
0x00007ffabb680000 - 0x00007ffabb81d000 	C:\Windows\System32\USER32.dll
0x00007ffab9650000 - 0x00007ffab9672000 	C:\Windows\System32\win32u.dll
0x00007ffabb900000 - 0x00007ffabb92c000 	C:\Windows\System32\GDI32.dll
0x00007ffa9da00000 - 0x00007ffa9dc9a000 	C:\Windows\WinSxS\amd64_microsoft.windows.common-controls_6595b64144ccf1df_6.0.19041.1110_none_60b5254171f9507e\COMCTL32.dll
0x00007ffab97e0000 - 0x00007ffab98f5000 	C:\Windows\System32\gdi32full.dll
0x00007ffab93b0000 - 0x00007ffab944d000 	C:\Windows\System32\msvcp_win.dll
0x00007ffab21a0000 - 0x00007ffab21aa000 	C:\Windows\SYSTEM32\VERSION.dll
0x00007ffabb8d0000 - 0x00007ffabb900000 	C:\Windows\System32\IMM32.DLL
0x00007ffaa60a0000 - 0x00007ffaa60ac000 	C:\Program Files\Java\jdk-18.0.2.1\bin\vcruntime140_1.dll
0x00007ffa89c50000 - 0x00007ffa89cdd000 	C:\Program Files\Java\jdk-18.0.2.1\bin\msvcp140.dll
0x00007ffa76550000 - 0x00007ffa77161000 	C:\Program Files\Java\jdk-18.0.2.1\bin\server\jvm.dll
0x00007ffabab50000 - 0x00007ffabab58000 	C:\Windows\System32\PSAPI.DLL
0x00007ffab3f60000 - 0x00007ffab3f69000 	C:\Windows\SYSTEM32\WSOCK32.dll
0x00007ffabb320000 - 0x00007ffabb38b000 	C:\Windows\System32\WS2_32.dll
0x00007ffaa5ca0000 - 0x00007ffaa5cc7000 	C:\Windows\SYSTEM32\WINMM.dll
0x00007ffab7190000 - 0x00007ffab71a2000 	C:\Windows\SYSTEM32\kernel.appcore.dll
0x00007ffaa5a10000 - 0x00007ffaa5a1a000 	C:\Program Files\Java\jdk-18.0.2.1\bin\jimage.dll
0x00007ffa9e920000 - 0x00007ffa9eb04000 	C:\Windows\SYSTEM32\DBGHELP.DLL
0x00007ffa9ae00000 - 0x00007ffa9ae34000 	C:\Windows\SYSTEM32\dbgcore.DLL
0x00007ffab9900000 - 0x00007ffab9982000 	C:\Windows\System32\bcryptPrimitives.dll
0x00007ffaaddd0000 - 0x00007ffaaddde000 	C:\Program Files\Java\jdk-18.0.2.1\bin\instrument.dll
0x00007ffaa5690000 - 0x00007ffaa56b5000 	C:\Program Files\Java\jdk-18.0.2.1\bin\java.dll
0x00007ffa87d30000 - 0x00007ffa87e06000 	C:\Program Files\Java\jdk-18.0.2.1\bin\jsvml.dll
0x00007ffab9c90000 - 0x00007ffaba3d4000 	C:\Windows\System32\SHELL32.dll
0x00007ffab7390000 - 0x00007ffab7b23000 	C:\Windows\SYSTEM32\windows.storage.dll
0x00007ffabace0000 - 0x00007ffabb034000 	C:\Windows\System32\combase.dll
0x00007ffab8bb0000 - 0x00007ffab8bde000 	C:\Windows\SYSTEM32\Wldp.dll
0x00007ffabac30000 - 0x00007ffabacdd000 	C:\Windows\System32\SHCORE.dll
0x00007ffabb390000 - 0x00007ffabb3e5000 	C:\Windows\System32\shlwapi.dll
0x00007ffab9250000 - 0x00007ffab926f000 	C:\Windows\SYSTEM32\profapi.dll
0x00007ffaa3500000 - 0x00007ffaa3518000 	C:\Program Files\Java\jdk-18.0.2.1\bin\zip.dll
0x00007ffaa4bd0000 - 0x00007ffaa4be3000 	C:\Program Files\Java\jdk-18.0.2.1\bin\net.dll
0x00007ffab1a80000 - 0x00007ffab1b8a000 	C:\Windows\SYSTEM32\WINHTTP.dll
0x00007ffab8990000 - 0x00007ffab89fa000 	C:\Windows\system32\mswsock.dll
0x00007ffaa3960000 - 0x00007ffaa3976000 	C:\Program Files\Java\jdk-18.0.2.1\bin\nio.dll
0x00007ffaadd90000 - 0x00007ffaaddaa000 	C:\Program Files\JetBrains\IntelliJ IDEA Community Edition 2022.2.1\bin\breakgen64.dll

dbghelp: loaded successfully - version: 4.0.5 - missing functions: none
symbol engine: initialized successfully - sym options: 0x614 - pdb path: .;C:\Program Files\Java\jdk-18.0.2.1\bin;C:\Windows\SYSTEM32;C:\Windows\WinSxS\amd64_microsoft.windows.common-controls_6595b64144ccf1df_6.0.19041.1110_none_60b5254171f9507e;C:\Program Files\Java\jdk-18.0.2.1\bin\server;C:\Program Files\JetBrains\IntelliJ IDEA Community Edition 2022.2.1\bin

VM Arguments:
jvm_args: -ea -Didea.test.cyclic.buffer.size=1048576 -javaagent:C:\Program Files\JetBrains\IntelliJ IDEA Community Edition 2022.2.1\lib\idea_rt.jar=65403:C:\Program Files\JetBrains\IntelliJ IDEA Community Edition 2022.2.1\bin -Dfile.encoding=UTF-8 -Dsun.stdout.encoding=UTF-8 -Dsun.stderr.encoding=UTF-8 
java_command: com.intellij.rt.junit.JUnitStarter -ideVersion5 -junit5 core.basesyntax.service.impl.ParserServiceImplTest
java_class_path (initial): C:\Users\mikol\.m2\repository\org\junit\platform\junit-platform-launcher\1.9.2\junit-platform-launcher-1.9.2.jar;C:\Program Files\JetBrains\IntelliJ IDEA Community Edition 2022.2.1\lib\idea_rt.jar;C:\Program Files\JetBrains\IntelliJ IDEA Community Edition 2022.2.1\plugins\junit\lib\junit5-rt.jar;C:\Program Files\JetBrains\IntelliJ IDEA Community Edition 2022.2.1\plugins\junit\lib\junit-rt.jar;D:\MateAcademy\jv-fruit-shop-tests\target\test-classes;D:\MateAcademy\jv-fruit-shop-tests\target\classes;C:\Users\mikol\.m2\repository\org\junit\jupiter\junit-jupiter-engine\5.9.2\junit-jupiter-engine-5.9.2.jar;C:\Users\mikol\.m2\repository\org\junit\platform\junit-platform-engine\1.9.2\junit-platform-engine-1.9.2.jar;C:\Users\mikol\.m2\repository\org\opentest4j\opentest4j\1.2.0\opentest4j-1.2.0.jar;C:\Users\mikol\.m2\repository\org\junit\platform\junit-platform-commons\1.9.2\junit-platform-commons-1.9.2.jar;C:\Users\mikol\.m2\repository\org\junit\jupiter\junit-jupiter-api\5.9.2\junit-jupiter-api-5.9.2.jar;C:\Users\mikol\.m2\repository\org\apiguardian\apiguardian-api\1.1.2\apiguardian-api-1.1.2.jar;C:\Users\mikol\.m2\repository\org\junit\vintage\junit-vintage-engine\5.9.2\junit-vintage-engine-5.9.2.jar;C:\Users\mikol\.m2\repository\junit\junit\4.13.2\junit-4.13.2.jar;C:\Users\mikol\.m2\repository\org\hamcrest\hamcrest-core\1.3\hamcrest-core-1.3.jar
Launcher Type: SUN_STANDARD

[Global flags]
     intx CICompilerCount                          = 3                                         {product} {ergonomic}
     uint ConcGCThreads                            = 1                                         {product} {ergonomic}
     uint G1ConcRefinementThreads                  = 4                                         {product} {ergonomic}
   size_t G1HeapRegionSize                         = 1048576                                   {product} {ergonomic}
    uintx GCDrainStackTargetSize                   = 64                                        {product} {ergonomic}
   size_t InitialHeapSize                          = 134217728                                 {product} {ergonomic}
   size_t MarkStackSize                            = 4194304                                   {product} {ergonomic}
   size_t MaxHeapSize                              = 2124414976                                {product} {ergonomic}
   size_t MaxNewSize                               = 1274019840                                {product} {ergonomic}
   size_t MinHeapDeltaBytes                        = 1048576                                   {product} {ergonomic}
   size_t MinHeapSize                              = 8388608                                   {product} {ergonomic}
    uintx NonNMethodCodeHeapSize                   = 5832780                                {pd product} {ergonomic}
    uintx NonProfiledCodeHeapSize                  = 122912730                              {pd product} {ergonomic}
    uintx ProfiledCodeHeapSize                     = 122912730                              {pd product} {ergonomic}
    uintx ReservedCodeCacheSize                    = 251658240                              {pd product} {ergonomic}
     bool SegmentedCodeCache                       = true                                      {product} {ergonomic}
   size_t SoftMaxHeapSize                          = 2124414976                             {manageable} {ergonomic}
     bool UseCompressedClassPointers               = true                           {product lp64_product} {ergonomic}
     bool UseCompressedOops                        = true                           {product lp64_product} {ergonomic}
     bool UseG1GC                                  = true                                      {product} {ergonomic}
     bool UseLargePagesIndividualAllocation        = false                                  {pd product} {ergonomic}

Logging:
Log output configuration:
 #0: stdout all=warning uptime,level,tags foldmultilines=false
 #1: stderr all=off uptime,level,tags foldmultilines=false

Environment Variables:
JAVA_HOME=C:\Program Files\Java\jdk-18.0.2.1
PATH=C:\Program Files\Common Files\Oracle\Java\javapath;C:\Windows\system32;C:\Windows;C:\Windows\System32\Wbem;C:\Windows\System32\WindowsPowerShell\v1.0\;C:\Windows\System32\OpenSSH\;C:\Program Files\Docker\Docker\resources\bin;C:\ProgramData\DockerDesktop\version-bin;C:\Program Files\Apache\Maven\bin;C:\Program Files\Git\cmd;C:\Program Files (x86)\NVIDIA Corporation\PhysX\Common;C:\Program Files\NVIDIA Corporation\NVIDIA NvDLISR;C:\Users\mikol\AppData\Local\Programs\Python\Python311\Scripts\;C:\Users\mikol\AppData\Local\Programs\Python\Python311\;C:\Users\mikol\AppData\Local\Programs\Python\Python310\Scripts\;C:\Users\mikol\AppData\Local\Programs\Python\Python310\;C:\Users\mikol\AppData\Local\Microsoft\WindowsApps;C:\Users\mikol\AppData\Local\Programs\Microsoft VS Code\bin;D:\AppData\Local\Programs\Microsoft VS Code\Code.exe;C:\Program Files\JetBrains\PyCharm Community Edition 2021.3.2\bin;;C:\Program Files\JetBrains\IntelliJ IDEA Community Edition 2022.2.1\bin;
USERNAME=mikol
OS=Windows_NT
PROCESSOR_IDENTIFIER=Intel64 Family 6 Model 142 Stepping 9, GenuineIntel



---------------  S Y S T E M  ---------------

OS:
 Windows 10 , 64 bit Build 19041 (10.0.19041.2913)
OS uptime: 3 days 22:29 hours
Hyper-V role detected

CPU: total 4 (initial active 4) (2 cores per cpu, 2 threads per core) family 6 model 142 stepping 9 microcode 0xd6, cx8, cmov, fxsr, ht, mmx, 3dnowpref, sse, sse2, sse3, ssse3, sse4.1, sse4.2, popcnt, lzcnt, tsc, tscinvbit, avx, avx2, aes, erms, clmul, bmi1, bmi2, adx, fma, vzeroupper, clflush, clflushopt, hv

Memory: 4k page, system-wide physical 8100M (811M free)
TotalPageFile size 22329M (AvailPageFile size 3M)
current process WorkingSet (physical memory assigned to process): 38M, peak: 38M
current process commit charge ("private bytes"): 204M, peak: 204M

vm_info: Java HotSpot(TM) 64-Bit Server VM (18.0.2.1+1-1) for windows-amd64 JRE (18.0.2.1+1-1), built on Aug 16 2022 01:46:33 by "mach5one" with MS VC++ 16.8 / 16.9 (VS2019)

END.
