#
# There is insufficient memory for the Java Runtime Environment to continue.
# Native memory allocation (malloc) failed to allocate 32744 bytes for Chunk::new
# Possible reasons:
#   The system is out of physical RAM or swap space
#   The process is running with CompressedOops enabled, and the Java Heap may be blocking the growth of the native heap
# Possible solutions:
#   Reduce memory load on the system
#   Increase physical memory or swap space
#   Check if swap backing store is full
#   Decrease Java heap size (-Xmx/-Xms)
#   Decrease number of Java threads
#   Decrease Java thread stack sizes (-Xss)
#   Set larger code cache with -XX:ReservedCodeCacheSize=
#   JVM is running with Unscaled Compressed Oops mode in which the Java heap is
#     placed in the first 4GB address space. The Java Heap base address is the
#     maximum limit for the native heap growth. Please use -XX:HeapBaseMinAddress
#     to set the Java Heap base and to place the Java Heap above 4GB virtual address.
# This output file may be truncated or incomplete.
#
#  Out of Memory Error (arena.cpp:184), pid=10452, tid=3900
#
# JRE version: Java(TM) SE Runtime Environment (18.0.2.1+1) (build 18.0.2.1+1-1)
# Java VM: Java HotSpot(TM) 64-Bit Server VM (18.0.2.1+1-1, mixed mode, sharing, tiered, compressed oops, compressed class ptrs, g1 gc, windows-amd64)
# No core dump will be written. Minidumps are not enabled by default on client versions of Windows
#

---------------  S U M M A R Y ------------

Command Line: -ea -Didea.test.cyclic.buffer.size=1048576 -javaagent:C:\Program Files\JetBrains\IntelliJ IDEA Community Edition 2022.2.1\lib\idea_rt.jar=65394:C:\Program Files\JetBrains\IntelliJ IDEA Community Edition 2022.2.1\bin -Dfile.encoding=UTF-8 -Dsun.stdout.encoding=UTF-8 -Dsun.stderr.encoding=UTF-8 com.intellij.rt.junit.JUnitStarter -ideVersion5 -junit5 core.basesyntax.service.impl.ParserServiceImplTest,parse_ok

Host: Intel(R) Core(TM) i5-7200U CPU @ 2.50GHz, 4 cores, 7G,  Windows 10 , 64 bit Build 19041 (10.0.19041.2913)
Time: Mon Jun  5 07:11:58 2023  Windows 10 , 64 bit Build 19041 (10.0.19041.2913) elapsed time: 0.571398 seconds (0d 0h 0m 0s)

---------------  T H R E A D  ---------------

Current thread (0x00000164d9a250d0):  JavaThread "C1 CompilerThread0" daemon [_thread_in_native, id=3900, stack(0x0000005062500000,0x0000005062600000)]


Current CompileTask:
C1:    571  689       3       java.net.URLStreamHandler::parseURL (1124 bytes)

Stack: [0x0000005062500000,0x0000005062600000]
Native frames: (J=compiled Java code, j=interpreted, Vv=VM code, C=native code)
V  [jvm.dll+0x6993aa]
V  [jvm.dll+0x7f46dd]
V  [jvm.dll+0x7f5fee]
V  [jvm.dll+0x7f66a3]
V  [jvm.dll+0x25cf1f]
V  [jvm.dll+0xb8c2f]
V  [jvm.dll+0xb8fa5]
V  [jvm.dll+0x1312e5]
V  [jvm.dll+0x18f31c]
V  [jvm.dll+0x18f8e3]
V  [jvm.dll+0x148ff3]
V  [jvm.dll+0x1488cf]
V  [jvm.dll+0x148b26]
V  [jvm.dll+0x147f9a]
V  [jvm.dll+0x149c81]
V  [jvm.dll+0x23ee0a]
V  [jvm.dll+0x23d0f5]
V  [jvm.dll+0x7a6dd1]
V  [jvm.dll+0x7a120a]
V  [jvm.dll+0x698255]
C  [ucrtbase.dll+0x21bb2]
C  [KERNEL32.DLL+0x17614]
C  [ntdll.dll+0x526a1]


---------------  P R O C E S S  ---------------

Threads class SMR info:
_java_thread_list=0x00000164ddd37c90, length=13, elements={
0x00000164bc103fc0, 0x00000164d99ff4d0, 0x00000164d9a027f0, 0x00000164d9a1d5a0,
0x00000164d9a1de50, 0x00000164d9a20ef0, 0x00000164d9a1e700, 0x00000164d9a23dc0,
0x00000164d9a250d0, 0x00000164d9a4b470, 0x00000164d99ecd80, 0x00000164ddd4b1e0,
0x00000164ddd4b6a0
}

Java Threads: ( => current thread )
  0x00000164bc103fc0 JavaThread "main" [_thread_in_vm, id=10420, stack(0x0000005061700000,0x0000005061800000)]
  0x00000164d99ff4d0 JavaThread "Reference Handler" daemon [_thread_blocked, id=2612, stack(0x0000005061e00000,0x0000005061f00000)]
  0x00000164d9a027f0 JavaThread "Finalizer" daemon [_thread_blocked, id=8652, stack(0x0000005061f00000,0x0000005062000000)]
  0x00000164d9a1d5a0 JavaThread "Signal Dispatcher" daemon [_thread_blocked, id=9560, stack(0x0000005062000000,0x0000005062100000)]
  0x00000164d9a1de50 JavaThread "Attach Listener" daemon [_thread_blocked, id=14140, stack(0x0000005062100000,0x0000005062200000)]
  0x00000164d9a20ef0 JavaThread "Service Thread" daemon [_thread_blocked, id=8636, stack(0x0000005062200000,0x0000005062300000)]
  0x00000164d9a1e700 JavaThread "Monitor Deflation Thread" daemon [_thread_blocked, id=13096, stack(0x0000005062300000,0x0000005062400000)]
  0x00000164d9a23dc0 JavaThread "C2 CompilerThread0" daemon [_thread_blocked, id=3028, stack(0x0000005062400000,0x0000005062500000)]
=>0x00000164d9a250d0 JavaThread "C1 CompilerThread0" daemon [_thread_in_native, id=3900, stack(0x0000005062500000,0x0000005062600000)]
  0x00000164d9a4b470 JavaThread "Sweeper thread" daemon [_thread_blocked, id=11208, stack(0x0000005062600000,0x0000005062700000)]
  0x00000164d99ecd80 JavaThread "Common-Cleaner" daemon [_thread_blocked, id=1852, stack(0x0000005062700000,0x0000005062800000)]
  0x00000164ddd4b1e0 JavaThread "Monitor Ctrl-Break" daemon [_thread_in_native, id=812, stack(0x0000005062800000,0x0000005062900000)]
  0x00000164ddd4b6a0 JavaThread "Notification Thread" daemon [_thread_blocked, id=5876, stack(0x0000005062900000,0x0000005062a00000)]

Other Threads:
  0x00000164bc1826c0 VMThread "VM Thread" [stack: 0x0000005061d00000,0x0000005061e00000] [id=6664]
  0x00000164ddd4ebd0 WatcherThread "VM Periodic Task Thread" [stack: 0x0000005062a00000,0x0000005062b00000] [id=9264]
  0x00000164bc163000 WorkerThread "GC Thread#0" [stack: 0x0000005061800000,0x0000005061900000] [id=7728]
  0x00000164bc174b90 ConcurrentGCThread "G1 Main Marker" [stack: 0x0000005061900000,0x0000005061a00000] [id=14080]
  0x00000164bc175c30 WorkerThread "G1 Conc#0" [stack: 0x0000005061a00000,0x0000005061b00000] [id=13752]
  0x00000164bc1b64f0 ConcurrentGCThread "G1 Refine#0" [stack: 0x0000005061b00000,0x0000005061c00000] [id=13280]
  0x00000164bc1b6d10 ConcurrentGCThread "G1 Service" [stack: 0x0000005061c00000,0x0000005061d00000] [id=3132]

Threads with active compile tasks:
C1 CompilerThread0      621  689       3       java.net.URLStreamHandler::parseURL (1124 bytes)

VM state: not at safepoint (normal execution)

VM Mutex/Monitor currently owned by a thread: None

Heap address: 0x0000000081600000, size: 2026 MB, Compressed Oops mode: 32-bit

CDS archive(s) mapped at: [0x0000000800000000-0x0000000800ba0000-0x0000000800ba0000), size 12189696, SharedBaseAddress: 0x0000000800000000, ArchiveRelocationMode: 0.
Compressed class space mapped at: 0x0000000800c00000-0x0000000840c00000, reserved size: 1073741824
Narrow klass base: 0x0000000800000000, Narrow klass shift: 0, Narrow klass range: 0x100000000

GC Precious Log:
 CardTable entry size: 512
 Card Set container configuration: InlinePtr #cards 5 size 8 Array Of Cards #cards 12 size 40 Howl #buckets 4 coarsen threshold 1843 Howl Bitmap #cards 512 size 80 coarsen threshold 460 Card regions per heap region 1 cards per card region 2048
 CPUs: 4 total, 4 available
 Memory: 8100M
 Large Page Support: Disabled
 NUMA Support: Disabled
 Compressed Oops: Enabled (32-bit)
 Heap Region Size: 1M
 Heap Min Capacity: 8M
 Heap Initial Capacity: 128M
 Heap Max Capacity: 2026M
 Pre-touch: Disabled
 Parallel Workers: 4
 Concurrent Workers: 1
 Concurrent Refinement Workers: 4
 Periodic GC: Disabled

Heap:
 garbage-first heap   total 131072K, used 8192K [0x0000000081600000, 0x0000000100000000)
  region size 1024K, 9 young (9216K), 0 survivors (0K)
 Metaspace       used 2946K, committed 3072K, reserved 1114112K
  class space    used 321K, committed 384K, reserved 1048576K

Heap Regions: E=young(eden), S=young(survivor), O=old, HS=humongous(starts), HC=humongous(continues), CS=collection set, F=free, OA=open archive, CA=closed archive, TAMS=top-at-mark-start (previous, next)
|   0|0x0000000081600000, 0x0000000081600000, 0x0000000081700000|  0%| F|  |TAMS 0x0000000081600000, 0x0000000081600000| Untracked 
|   1|0x0000000081700000, 0x0000000081700000, 0x0000000081800000|  0%| F|  |TAMS 0x0000000081700000, 0x0000000081700000| Untracked 
|   2|0x0000000081800000, 0x0000000081800000, 0x0000000081900000|  0%| F|  |TAMS 0x0000000081800000, 0x0000000081800000| Untracked 
|   3|0x0000000081900000, 0x0000000081900000, 0x0000000081a00000|  0%| F|  |TAMS 0x0000000081900000, 0x0000000081900000| Untracked 
|   4|0x0000000081a00000, 0x0000000081a00000, 0x0000000081b00000|  0%| F|  |TAMS 0x0000000081a00000, 0x0000000081a00000| Untracked 
|   5|0x0000000081b00000, 0x0000000081b00000, 0x0000000081c00000|  0%| F|  |TAMS 0x0000000081b00000, 0x0000000081b00000| Untracked 
|   6|0x0000000081c00000, 0x0000000081c00000, 0x0000000081d00000|  0%| F|  |TAMS 0x0000000081c00000, 0x0000000081c00000| Untracked 
|   7|0x0000000081d00000, 0x0000000081d00000, 0x0000000081e00000|  0%| F|  |TAMS 0x0000000081d00000, 0x0000000081d00000| Untracked 
|   8|0x0000000081e00000, 0x0000000081e00000, 0x0000000081f00000|  0%| F|  |TAMS 0x0000000081e00000, 0x0000000081e00000| Untracked 
|   9|0x0000000081f00000, 0x0000000081f00000, 0x0000000082000000|  0%| F|  |TAMS 0x0000000081f00000, 0x0000000081f00000| Untracked 
|  10|0x0000000082000000, 0x0000000082000000, 0x0000000082100000|  0%| F|  |TAMS 0x0000000082000000, 0x0000000082000000| Untracked 
|  11|0x0000000082100000, 0x0000000082100000, 0x0000000082200000|  0%| F|  |TAMS 0x0000000082100000, 0x0000000082100000| Untracked 
|  12|0x0000000082200000, 0x0000000082200000, 0x0000000082300000|  0%| F|  |TAMS 0x0000000082200000, 0x0000000082200000| Untracked 
|  13|0x0000000082300000, 0x0000000082300000, 0x0000000082400000|  0%| F|  |TAMS 0x0000000082300000, 0x0000000082300000| Untracked 
|  14|0x0000000082400000, 0x0000000082400000, 0x0000000082500000|  0%| F|  |TAMS 0x0000000082400000, 0x0000000082400000| Untracked 
|  15|0x0000000082500000, 0x0000000082500000, 0x0000000082600000|  0%| F|  |TAMS 0x0000000082500000, 0x0000000082500000| Untracked 
|  16|0x0000000082600000, 0x0000000082600000, 0x0000000082700000|  0%| F|  |TAMS 0x0000000082600000, 0x0000000082600000| Untracked 
|  17|0x0000000082700000, 0x0000000082700000, 0x0000000082800000|  0%| F|  |TAMS 0x0000000082700000, 0x0000000082700000| Untracked 
|  18|0x0000000082800000, 0x0000000082800000, 0x0000000082900000|  0%| F|  |TAMS 0x0000000082800000, 0x0000000082800000| Untracked 
|  19|0x0000000082900000, 0x0000000082900000, 0x0000000082a00000|  0%| F|  |TAMS 0x0000000082900000, 0x0000000082900000| Untracked 
|  20|0x0000000082a00000, 0x0000000082a00000, 0x0000000082b00000|  0%| F|  |TAMS 0x0000000082a00000, 0x0000000082a00000| Untracked 
|  21|0x0000000082b00000, 0x0000000082b00000, 0x0000000082c00000|  0%| F|  |TAMS 0x0000000082b00000, 0x0000000082b00000| Untracked 
|  22|0x0000000082c00000, 0x0000000082c00000, 0x0000000082d00000|  0%| F|  |TAMS 0x0000000082c00000, 0x0000000082c00000| Untracked 
|  23|0x0000000082d00000, 0x0000000082d00000, 0x0000000082e00000|  0%| F|  |TAMS 0x0000000082d00000, 0x0000000082d00000| Untracked 
|  24|0x0000000082e00000, 0x0000000082e00000, 0x0000000082f00000|  0%| F|  |TAMS 0x0000000082e00000, 0x0000000082e00000| Untracked 
|  25|0x0000000082f00000, 0x0000000082f00000, 0x0000000083000000|  0%| F|  |TAMS 0x0000000082f00000, 0x0000000082f00000| Untracked 
|  26|0x0000000083000000, 0x0000000083000000, 0x0000000083100000|  0%| F|  |TAMS 0x0000000083000000, 0x0000000083000000| Untracked 
|  27|0x0000000083100000, 0x0000000083100000, 0x0000000083200000|  0%| F|  |TAMS 0x0000000083100000, 0x0000000083100000| Untracked 
|  28|0x0000000083200000, 0x0000000083200000, 0x0000000083300000|  0%| F|  |TAMS 0x0000000083200000, 0x0000000083200000| Untracked 
|  29|0x0000000083300000, 0x0000000083300000, 0x0000000083400000|  0%| F|  |TAMS 0x0000000083300000, 0x0000000083300000| Untracked 
|  30|0x0000000083400000, 0x0000000083400000, 0x0000000083500000|  0%| F|  |TAMS 0x0000000083400000, 0x0000000083400000| Untracked 
|  31|0x0000000083500000, 0x0000000083500000, 0x0000000083600000|  0%| F|  |TAMS 0x0000000083500000, 0x0000000083500000| Untracked 
|  32|0x0000000083600000, 0x0000000083600000, 0x0000000083700000|  0%| F|  |TAMS 0x0000000083600000, 0x0000000083600000| Untracked 
|  33|0x0000000083700000, 0x0000000083700000, 0x0000000083800000|  0%| F|  |TAMS 0x0000000083700000, 0x0000000083700000| Untracked 
|  34|0x0000000083800000, 0x0000000083800000, 0x0000000083900000|  0%| F|  |TAMS 0x0000000083800000, 0x0000000083800000| Untracked 
|  35|0x0000000083900000, 0x0000000083900000, 0x0000000083a00000|  0%| F|  |TAMS 0x0000000083900000, 0x0000000083900000| Untracked 
|  36|0x0000000083a00000, 0x0000000083a00000, 0x0000000083b00000|  0%| F|  |TAMS 0x0000000083a00000, 0x0000000083a00000| Untracked 
|  37|0x0000000083b00000, 0x0000000083b00000, 0x0000000083c00000|  0%| F|  |TAMS 0x0000000083b00000, 0x0000000083b00000| Untracked 
|  38|0x0000000083c00000, 0x0000000083c00000, 0x0000000083d00000|  0%| F|  |TAMS 0x0000000083c00000, 0x0000000083c00000| Untracked 
|  39|0x0000000083d00000, 0x0000000083d00000, 0x0000000083e00000|  0%| F|  |TAMS 0x0000000083d00000, 0x0000000083d00000| Untracked 
|  40|0x0000000083e00000, 0x0000000083e00000, 0x0000000083f00000|  0%| F|  |TAMS 0x0000000083e00000, 0x0000000083e00000| Untracked 
|  41|0x0000000083f00000, 0x0000000083f00000, 0x0000000084000000|  0%| F|  |TAMS 0x0000000083f00000, 0x0000000083f00000| Untracked 
|  42|0x0000000084000000, 0x0000000084000000, 0x0000000084100000|  0%| F|  |TAMS 0x0000000084000000, 0x0000000084000000| Untracked 
|  43|0x0000000084100000, 0x0000000084100000, 0x0000000084200000|  0%| F|  |TAMS 0x0000000084100000, 0x0000000084100000| Untracked 
|  44|0x0000000084200000, 0x0000000084200000, 0x0000000084300000|  0%| F|  |TAMS 0x0000000084200000, 0x0000000084200000| Untracked 
|  45|0x0000000084300000, 0x0000000084300000, 0x0000000084400000|  0%| F|  |TAMS 0x0000000084300000, 0x0000000084300000| Untracked 
|  46|0x0000000084400000, 0x0000000084400000, 0x0000000084500000|  0%| F|  |TAMS 0x0000000084400000, 0x0000000084400000| Untracked 
|  47|0x0000000084500000, 0x0000000084500000, 0x0000000084600000|  0%| F|  |TAMS 0x0000000084500000, 0x0000000084500000| Untracked 
|  48|0x0000000084600000, 0x0000000084600000, 0x0000000084700000|  0%| F|  |TAMS 0x0000000084600000, 0x0000000084600000| Untracked 
|  49|0x0000000084700000, 0x0000000084700000, 0x0000000084800000|  0%| F|  |TAMS 0x0000000084700000, 0x0000000084700000| Untracked 
|  50|0x0000000084800000, 0x0000000084800000, 0x0000000084900000|  0%| F|  |TAMS 0x0000000084800000, 0x0000000084800000| Untracked 
|  51|0x0000000084900000, 0x0000000084900000, 0x0000000084a00000|  0%| F|  |TAMS 0x0000000084900000, 0x0000000084900000| Untracked 
|  52|0x0000000084a00000, 0x0000000084a00000, 0x0000000084b00000|  0%| F|  |TAMS 0x0000000084a00000, 0x0000000084a00000| Untracked 
|  53|0x0000000084b00000, 0x0000000084b00000, 0x0000000084c00000|  0%| F|  |TAMS 0x0000000084b00000, 0x0000000084b00000| Untracked 
|  54|0x0000000084c00000, 0x0000000084c00000, 0x0000000084d00000|  0%| F|  |TAMS 0x0000000084c00000, 0x0000000084c00000| Untracked 
|  55|0x0000000084d00000, 0x0000000084d00000, 0x0000000084e00000|  0%| F|  |TAMS 0x0000000084d00000, 0x0000000084d00000| Untracked 
|  56|0x0000000084e00000, 0x0000000084e00000, 0x0000000084f00000|  0%| F|  |TAMS 0x0000000084e00000, 0x0000000084e00000| Untracked 
|  57|0x0000000084f00000, 0x0000000084f00000, 0x0000000085000000|  0%| F|  |TAMS 0x0000000084f00000, 0x0000000084f00000| Untracked 
|  58|0x0000000085000000, 0x0000000085000000, 0x0000000085100000|  0%| F|  |TAMS 0x0000000085000000, 0x0000000085000000| Untracked 
|  59|0x0000000085100000, 0x0000000085100000, 0x0000000085200000|  0%| F|  |TAMS 0x0000000085100000, 0x0000000085100000| Untracked 
|  60|0x0000000085200000, 0x0000000085200000, 0x0000000085300000|  0%| F|  |TAMS 0x0000000085200000, 0x0000000085200000| Untracked 
|  61|0x0000000085300000, 0x0000000085300000, 0x0000000085400000|  0%| F|  |TAMS 0x0000000085300000, 0x0000000085300000| Untracked 
|  62|0x0000000085400000, 0x0000000085400000, 0x0000000085500000|  0%| F|  |TAMS 0x0000000085400000, 0x0000000085400000| Untracked 
|  63|0x0000000085500000, 0x0000000085500000, 0x0000000085600000|  0%| F|  |TAMS 0x0000000085500000, 0x0000000085500000| Untracked 
|  64|0x0000000085600000, 0x0000000085600000, 0x0000000085700000|  0%| F|  |TAMS 0x0000000085600000, 0x0000000085600000| Untracked 
|  65|0x0000000085700000, 0x0000000085700000, 0x0000000085800000|  0%| F|  |TAMS 0x0000000085700000, 0x0000000085700000| Untracked 
|  66|0x0000000085800000, 0x0000000085800000, 0x0000000085900000|  0%| F|  |TAMS 0x0000000085800000, 0x0000000085800000| Untracked 
|  67|0x0000000085900000, 0x0000000085900000, 0x0000000085a00000|  0%| F|  |TAMS 0x0000000085900000, 0x0000000085900000| Untracked 
|  68|0x0000000085a00000, 0x0000000085a00000, 0x0000000085b00000|  0%| F|  |TAMS 0x0000000085a00000, 0x0000000085a00000| Untracked 
|  69|0x0000000085b00000, 0x0000000085b00000, 0x0000000085c00000|  0%| F|  |TAMS 0x0000000085b00000, 0x0000000085b00000| Untracked 
|  70|0x0000000085c00000, 0x0000000085c00000, 0x0000000085d00000|  0%| F|  |TAMS 0x0000000085c00000, 0x0000000085c00000| Untracked 
|  71|0x0000000085d00000, 0x0000000085d00000, 0x0000000085e00000|  0%| F|  |TAMS 0x0000000085d00000, 0x0000000085d00000| Untracked 
|  72|0x0000000085e00000, 0x0000000085e00000, 0x0000000085f00000|  0%| F|  |TAMS 0x0000000085e00000, 0x0000000085e00000| Untracked 
|  73|0x0000000085f00000, 0x0000000085f00000, 0x0000000086000000|  0%| F|  |TAMS 0x0000000085f00000, 0x0000000085f00000| Untracked 
|  74|0x0000000086000000, 0x0000000086000000, 0x0000000086100000|  0%| F|  |TAMS 0x0000000086000000, 0x0000000086000000| Untracked 
|  75|0x0000000086100000, 0x0000000086100000, 0x0000000086200000|  0%| F|  |TAMS 0x0000000086100000, 0x0000000086100000| Untracked 
|  76|0x0000000086200000, 0x0000000086200000, 0x0000000086300000|  0%| F|  |TAMS 0x0000000086200000, 0x0000000086200000| Untracked 
|  77|0x0000000086300000, 0x0000000086300000, 0x0000000086400000|  0%| F|  |TAMS 0x0000000086300000, 0x0000000086300000| Untracked 
|  78|0x0000000086400000, 0x0000000086400000, 0x0000000086500000|  0%| F|  |TAMS 0x0000000086400000, 0x0000000086400000| Untracked 
|  79|0x0000000086500000, 0x0000000086500000, 0x0000000086600000|  0%| F|  |TAMS 0x0000000086500000, 0x0000000086500000| Untracked 
|  80|0x0000000086600000, 0x0000000086600000, 0x0000000086700000|  0%| F|  |TAMS 0x0000000086600000, 0x0000000086600000| Untracked 
|  81|0x0000000086700000, 0x0000000086700000, 0x0000000086800000|  0%| F|  |TAMS 0x0000000086700000, 0x0000000086700000| Untracked 
|  82|0x0000000086800000, 0x0000000086800000, 0x0000000086900000|  0%| F|  |TAMS 0x0000000086800000, 0x0000000086800000| Untracked 
|  83|0x0000000086900000, 0x0000000086900000, 0x0000000086a00000|  0%| F|  |TAMS 0x0000000086900000, 0x0000000086900000| Untracked 
|  84|0x0000000086a00000, 0x0000000086a00000, 0x0000000086b00000|  0%| F|  |TAMS 0x0000000086a00000, 0x0000000086a00000| Untracked 
|  85|0x0000000086b00000, 0x0000000086b00000, 0x0000000086c00000|  0%| F|  |TAMS 0x0000000086b00000, 0x0000000086b00000| Untracked 
|  86|0x0000000086c00000, 0x0000000086c00000, 0x0000000086d00000|  0%| F|  |TAMS 0x0000000086c00000, 0x0000000086c00000| Untracked 
|  87|0x0000000086d00000, 0x0000000086d00000, 0x0000000086e00000|  0%| F|  |TAMS 0x0000000086d00000, 0x0000000086d00000| Untracked 
|  88|0x0000000086e00000, 0x0000000086e00000, 0x0000000086f00000|  0%| F|  |TAMS 0x0000000086e00000, 0x0000000086e00000| Untracked 
|  89|0x0000000086f00000, 0x0000000086f00000, 0x0000000087000000|  0%| F|  |TAMS 0x0000000086f00000, 0x0000000086f00000| Untracked 
|  90|0x0000000087000000, 0x0000000087000000, 0x0000000087100000|  0%| F|  |TAMS 0x0000000087000000, 0x0000000087000000| Untracked 
|  91|0x0000000087100000, 0x0000000087100000, 0x0000000087200000|  0%| F|  |TAMS 0x0000000087100000, 0x0000000087100000| Untracked 
|  92|0x0000000087200000, 0x0000000087200000, 0x0000000087300000|  0%| F|  |TAMS 0x0000000087200000, 0x0000000087200000| Untracked 
|  93|0x0000000087300000, 0x0000000087300000, 0x0000000087400000|  0%| F|  |TAMS 0x0000000087300000, 0x0000000087300000| Untracked 
|  94|0x0000000087400000, 0x0000000087400000, 0x0000000087500000|  0%| F|  |TAMS 0x0000000087400000, 0x0000000087400000| Untracked 
|  95|0x0000000087500000, 0x0000000087500000, 0x0000000087600000|  0%| F|  |TAMS 0x0000000087500000, 0x0000000087500000| Untracked 
|  96|0x0000000087600000, 0x0000000087600000, 0x0000000087700000|  0%| F|  |TAMS 0x0000000087600000, 0x0000000087600000| Untracked 
|  97|0x0000000087700000, 0x0000000087700000, 0x0000000087800000|  0%| F|  |TAMS 0x0000000087700000, 0x0000000087700000| Untracked 
|  98|0x0000000087800000, 0x0000000087800000, 0x0000000087900000|  0%| F|  |TAMS 0x0000000087800000, 0x0000000087800000| Untracked 
|  99|0x0000000087900000, 0x0000000087900000, 0x0000000087a00000|  0%| F|  |TAMS 0x0000000087900000, 0x0000000087900000| Untracked 
| 100|0x0000000087a00000, 0x0000000087a00000, 0x0000000087b00000|  0%| F|  |TAMS 0x0000000087a00000, 0x0000000087a00000| Untracked 
| 101|0x0000000087b00000, 0x0000000087b00000, 0x0000000087c00000|  0%| F|  |TAMS 0x0000000087b00000, 0x0000000087b00000| Untracked 
| 102|0x0000000087c00000, 0x0000000087c00000, 0x0000000087d00000|  0%| F|  |TAMS 0x0000000087c00000, 0x0000000087c00000| Untracked 
| 103|0x0000000087d00000, 0x0000000087d00000, 0x0000000087e00000|  0%| F|  |TAMS 0x0000000087d00000, 0x0000000087d00000| Untracked 
| 104|0x0000000087e00000, 0x0000000087e00000, 0x0000000087f00000|  0%| F|  |TAMS 0x0000000087e00000, 0x0000000087e00000| Untracked 
| 105|0x0000000087f00000, 0x0000000087f00000, 0x0000000088000000|  0%| F|  |TAMS 0x0000000087f00000, 0x0000000087f00000| Untracked 
| 106|0x0000000088000000, 0x0000000088000000, 0x0000000088100000|  0%| F|  |TAMS 0x0000000088000000, 0x0000000088000000| Untracked 
| 107|0x0000000088100000, 0x0000000088100000, 0x0000000088200000|  0%| F|  |TAMS 0x0000000088100000, 0x0000000088100000| Untracked 
| 108|0x0000000088200000, 0x0000000088200000, 0x0000000088300000|  0%| F|  |TAMS 0x0000000088200000, 0x0000000088200000| Untracked 
| 109|0x0000000088300000, 0x0000000088300000, 0x0000000088400000|  0%| F|  |TAMS 0x0000000088300000, 0x0000000088300000| Untracked 
| 110|0x0000000088400000, 0x0000000088400000, 0x0000000088500000|  0%| F|  |TAMS 0x0000000088400000, 0x0000000088400000| Untracked 
| 111|0x0000000088500000, 0x0000000088500000, 0x0000000088600000|  0%| F|  |TAMS 0x0000000088500000, 0x0000000088500000| Untracked 
| 112|0x0000000088600000, 0x0000000088600000, 0x0000000088700000|  0%| F|  |TAMS 0x0000000088600000, 0x0000000088600000| Untracked 
| 113|0x0000000088700000, 0x0000000088700000, 0x0000000088800000|  0%| F|  |TAMS 0x0000000088700000, 0x0000000088700000| Untracked 
| 114|0x0000000088800000, 0x0000000088800000, 0x0000000088900000|  0%| F|  |TAMS 0x0000000088800000, 0x0000000088800000| Untracked 
| 115|0x0000000088900000, 0x0000000088900000, 0x0000000088a00000|  0%| F|  |TAMS 0x0000000088900000, 0x0000000088900000| Untracked 
| 116|0x0000000088a00000, 0x0000000088a00000, 0x0000000088b00000|  0%| F|  |TAMS 0x0000000088a00000, 0x0000000088a00000| Untracked 
| 117|0x0000000088b00000, 0x0000000088b00000, 0x0000000088c00000|  0%| F|  |TAMS 0x0000000088b00000, 0x0000000088b00000| Untracked 
| 118|0x0000000088c00000, 0x0000000088c00000, 0x0000000088d00000|  0%| F|  |TAMS 0x0000000088c00000, 0x0000000088c00000| Untracked 
| 119|0x0000000088d00000, 0x0000000088d43128, 0x0000000088e00000| 26%| E|  |TAMS 0x0000000088d00000, 0x0000000088d00000| Complete 
| 120|0x0000000088e00000, 0x0000000088f00000, 0x0000000088f00000|100%| E|CS|TAMS 0x0000000088e00000, 0x0000000088e00000| Complete 
| 121|0x0000000088f00000, 0x0000000089000000, 0x0000000089000000|100%| E|CS|TAMS 0x0000000088f00000, 0x0000000088f00000| Complete 
| 122|0x0000000089000000, 0x0000000089100000, 0x0000000089100000|100%| E|CS|TAMS 0x0000000089000000, 0x0000000089000000| Complete 
| 123|0x0000000089100000, 0x0000000089200000, 0x0000000089200000|100%| E|CS|TAMS 0x0000000089100000, 0x0000000089100000| Complete 
| 124|0x0000000089200000, 0x0000000089300000, 0x0000000089300000|100%| E|CS|TAMS 0x0000000089200000, 0x0000000089200000| Complete 
| 125|0x0000000089300000, 0x0000000089400000, 0x0000000089400000|100%| E|CS|TAMS 0x0000000089300000, 0x0000000089300000| Complete 
| 126|0x0000000089400000, 0x0000000089500000, 0x0000000089500000|100%| E|CS|TAMS 0x0000000089400000, 0x0000000089400000| Complete 
| 127|0x0000000089500000, 0x0000000089600000, 0x0000000089600000|100%| E|CS|TAMS 0x0000000089500000, 0x0000000089500000| Complete 

Card table byte_map: [0x00000164d2e40000,0x00000164d3240000] _byte_map_base: 0x00000164d2a35000

Marking Bits (Prev, Next): (CMBitMap*) 0x00000164bc164520, (CMBitMap*) 0x00000164bc164560
 Prev Bits: [0x00000164d3640000, 0x00000164d55e8000)
 Next Bits: [0x00000164d55f0000, 0x00000164d7598000)

Polling page: 0x00000164ba0a0000

Metaspace:

Usage:
  Non-class:      2.56 MB used.
      Class:    321.57 KB used.
       Both:      2.88 MB used.

Virtual space:
  Non-class space:       64.00 MB reserved,       2.62 MB (  4%) committed,  1 nodes.
      Class space:        1.00 GB reserved,     384.00 KB ( <1%) committed,  1 nodes.
             Both:        1.06 GB reserved,       3.00 MB ( <1%) committed. 

Chunk freelists:
   Non-Class:  3.06 MB
       Class:  3.57 MB
        Both:  6.63 MB

MaxMetaspaceSize: unlimited
CompressedClassSpaceSize: 1.00 GB
Initial GC threshold: 21.00 MB
Current GC threshold: 21.00 MB
CDS: on
MetaspaceReclaimPolicy: balanced
 - commit_granule_bytes: 65536.
 - commit_granule_words: 8192.
 - virtual_space_node_default_size: 8388608.
 - enlarge_chunks_in_place: 1.
 - new_chunks_are_fully_committed: 0.
 - uncommit_free_chunks: 1.
 - use_allocation_guard: 0.


Internal statistics:

num_allocs_failed_limit: 0.
num_arena_births: 56.
num_arena_deaths: 0.
num_vsnodes_births: 2.
num_vsnodes_deaths: 0.
num_space_committed: 48.
num_space_uncommitted: 0.
num_chunks_returned_to_freelist: 0.
num_chunks_taken_from_freelist: 146.
num_chunk_merges: 0.
num_chunk_splits: 72.
num_chunks_enlarged: 42.
num_inconsistent_stats: 0.

CodeHeap 'non-profiled nmethods': size=120000Kb used=206Kb max_used=206Kb free=119793Kb
 bounds [0x00000164cb510000, 0x00000164cb780000, 0x00000164d2a40000]
CodeHeap 'profiled nmethods': size=120000Kb used=1078Kb max_used=1078Kb free=118921Kb
 bounds [0x00000164c3fe0000, 0x00000164c4250000, 0x00000164cb510000]
CodeHeap 'non-nmethods': size=5760Kb used=1142Kb max_used=1160Kb free=4617Kb
 bounds [0x00000164c3a40000, 0x00000164c3cb0000, 0x00000164c3fe0000]
 total_blobs=1113 nmethods=697 adapters=329
 compilation: enabled
              stopped_count=0, restarted_count=0
 full_count=0

Compilation events (20 events):
Event: 0.486 Thread 0x00000164d9a250d0  683       3       java.lang.invoke.MemberName::changeReferenceKind (60 bytes)
Event: 0.486 Thread 0x00000164d9a250d0 nmethod 683 0x00000164c40e6d90 code [0x00000164c40e6f20, 0x00000164c40e7058]
Event: 0.486 Thread 0x00000164d9a250d0  685       3       jdk.internal.org.objectweb.asm.AnnotationWriter::computeAnnotationsSize (66 bytes)
Event: 0.486 Thread 0x00000164d9a250d0 nmethod 685 0x00000164c40e7110 code [0x00000164c40e72e0, 0x00000164c40e7618]
Event: 0.486 Thread 0x00000164d9a250d0  686       3       jdk.internal.org.objectweb.asm.Attribute::putAttributes (78 bytes)
Event: 0.487 Thread 0x00000164d9a250d0 nmethod 686 0x00000164c40e7810 code [0x00000164c40e7a60, 0x00000164c40e7f98]
Event: 0.487 Thread 0x00000164d9a250d0  684       3       java.lang.invoke.DirectMethodHandle::preparedLambdaForm (31 bytes)
Event: 0.487 Thread 0x00000164d9a250d0 nmethod 684 0x00000164c40e8290 code [0x00000164c40e8480, 0x00000164c40e8928]
Event: 0.487 Thread 0x00000164d9a250d0  687       3       java.io.WinNTFileSystem::resolve (275 bytes)
Event: 0.491 Thread 0x00000164d9a250d0 nmethod 687 0x00000164c40e8b10 code [0x00000164c40e9000, 0x00000164c40ebd98]
Event: 0.491 Thread 0x00000164d9a250d0  690       3       java.lang.String::toLowerCase (8 bytes)
Event: 0.491 Thread 0x00000164d9a250d0 nmethod 690 0x00000164c40ece10 code [0x00000164c40ecfe0, 0x00000164c40ed378]
Event: 0.491 Thread 0x00000164d9a250d0  688       3       sun.net.www.protocol.file.Handler::parseURL (18 bytes)
Event: 0.491 Thread 0x00000164d9a250d0 nmethod 688 0x00000164c40ed490 code [0x00000164c40ed640, 0x00000164c40ed7f8]
Event: 0.492 Thread 0x00000164d9a250d0  689       3       java.net.URLStreamHandler::parseURL (1124 bytes)
Event: 0.493 Thread 0x00000164d9a23dc0  693       4       java.lang.String::toString (2 bytes)
Event: 0.494 Thread 0x00000164d9a23dc0 nmethod 693 0x00000164cb541b90 code [0x00000164cb541d00, 0x00000164cb541d78]
Event: 0.496 Thread 0x00000164d9a23dc0  695       4       jdk.internal.org.objectweb.asm.ClassReader::readUnsignedShort (26 bytes)
Event: 0.498 Thread 0x00000164d9a23dc0 nmethod 695 0x00000164cb542190 code [0x00000164cb542300, 0x00000164cb5423d8]
Event: 0.511 Thread 0x00000164d9a23dc0  698       4       java.lang.CharacterDataLatin1::toLowerCase (39 bytes)

GC Heap History (0 events):
No events

Deoptimization events (20 events):
Event: 0.370 Thread 0x00000164bc103fc0 DEOPT PACKING pc=0x00000164cb51cb24 sp=0x00000050617fec70
Event: 0.370 Thread 0x00000164bc103fc0 DEOPT UNPACKING pc=0x00000164c3a923a3 sp=0x00000050617fec30 mode 2
Event: 0.378 Thread 0x00000164bc103fc0 Uncommon trap: trap_request=0xffffffde fr.pc=0x00000164cb51cb24 relative=0x0000000000000504
Event: 0.378 Thread 0x00000164bc103fc0 Uncommon trap: reason=class_check action=maybe_recompile pc=0x00000164cb51cb24 method=java.util.HashMap.putVal(ILjava/lang/Object;Ljava/lang/Object;ZZ)Ljava/lang/Object; @ 253 c2
Event: 0.378 Thread 0x00000164bc103fc0 DEOPT PACKING pc=0x00000164cb51cb24 sp=0x00000050617fec70
Event: 0.378 Thread 0x00000164bc103fc0 DEOPT UNPACKING pc=0x00000164c3a923a3 sp=0x00000050617fec30 mode 2
Event: 0.381 Thread 0x00000164bc103fc0 Uncommon trap: trap_request=0xffffffde fr.pc=0x00000164cb51cb24 relative=0x0000000000000504
Event: 0.381 Thread 0x00000164bc103fc0 Uncommon trap: reason=class_check action=maybe_recompile pc=0x00000164cb51cb24 method=java.util.HashMap.putVal(ILjava/lang/Object;Ljava/lang/Object;ZZ)Ljava/lang/Object; @ 253 c2
Event: 0.381 Thread 0x00000164bc103fc0 DEOPT PACKING pc=0x00000164cb51cb24 sp=0x00000050617fec70
Event: 0.381 Thread 0x00000164bc103fc0 DEOPT UNPACKING pc=0x00000164c3a923a3 sp=0x00000050617fec30 mode 2
Event: 0.384 Thread 0x00000164bc103fc0 Uncommon trap: trap_request=0xffffffde fr.pc=0x00000164cb51cb24 relative=0x0000000000000504
Event: 0.385 Thread 0x00000164bc103fc0 Uncommon trap: reason=class_check action=maybe_recompile pc=0x00000164cb51cb24 method=java.util.HashMap.putVal(ILjava/lang/Object;Ljava/lang/Object;ZZ)Ljava/lang/Object; @ 253 c2
Event: 0.385 Thread 0x00000164bc103fc0 DEOPT PACKING pc=0x00000164cb51cb24 sp=0x00000050617fec70
Event: 0.385 Thread 0x00000164bc103fc0 DEOPT UNPACKING pc=0x00000164c3a923a3 sp=0x00000050617fec30 mode 2
Event: 0.422 Thread 0x00000164bc103fc0 Uncommon trap: trap_request=0xffffff45 fr.pc=0x00000164cb5390ac relative=0x0000000000000aec
Event: 0.422 Thread 0x00000164bc103fc0 Uncommon trap: reason=unstable_if action=reinterpret pc=0x00000164cb5390ac method=java.util.HashMap.putVal(ILjava/lang/Object;Ljava/lang/Object;ZZ)Ljava/lang/Object; @ 181 c2
Event: 0.422 Thread 0x00000164bc103fc0 DEOPT PACKING pc=0x00000164cb5390ac sp=0x00000050617fe560
Event: 0.422 Thread 0x00000164bc103fc0 DEOPT UNPACKING pc=0x00000164c3a923a3 sp=0x00000050617fe520 mode 2
Event: 0.467 Thread 0x00000164bc103fc0 DEOPT PACKING pc=0x00000164c403c3e5 sp=0x00000050617fb9d0
Event: 0.467 Thread 0x00000164bc103fc0 DEOPT UNPACKING pc=0x00000164c3a92b43 sp=0x00000050617fae20 mode 0

Classes loaded (20 events):
Event: 0.432 Loading class java/util/stream/SortedOps
Event: 0.432 Loading class java/util/stream/SortedOps done
Event: 0.432 Loading class java/util/stream/SortedOps$OfRef
Event: 0.432 Loading class java/util/stream/SortedOps$OfRef done
Event: 0.433 Loading class java/util/stream/SortedOps$SizedRefSortingSink
Event: 0.433 Loading class java/util/stream/SortedOps$AbstractRefSortingSink
Event: 0.433 Loading class java/util/stream/SortedOps$AbstractRefSortingSink done
Event: 0.433 Loading class java/util/stream/SortedOps$SizedRefSortingSink done
Event: 0.447 Loading class java/util/stream/MatchOps$MatchKind
Event: 0.447 Loading class java/util/stream/MatchOps$MatchKind done
Event: 0.447 Loading class java/util/stream/MatchOps
Event: 0.447 Loading class java/util/stream/MatchOps done
Event: 0.447 Loading class java/util/stream/MatchOps$MatchOp
Event: 0.447 Loading class java/util/stream/MatchOps$MatchOp done
Event: 0.447 Loading class java/util/stream/MatchOps$BooleanTerminalSink
Event: 0.447 Loading class java/util/stream/MatchOps$BooleanTerminalSink done
Event: 0.448 Loading class java/util/stream/MatchOps$1MatchSink
Event: 0.448 Loading class java/util/stream/MatchOps$1MatchSink done
Event: 0.506 Loading class java/lang/invoke/DirectMethodHandle$Special
Event: 0.506 Loading class java/lang/invoke/DirectMethodHandle$Special done

Classes unloaded (0 events):
No events

Classes redefined (0 events):
No events

Internal exceptions (16 events):
Event: 0.160 Thread 0x00000164bc103fc0 Exception <a 'java/lang/NoSuchMethodError'{0x00000000894c06a0}: 'void java.lang.invoke.DirectMethodHandle$Holder.invokeStatic(java.lang.Object, java.lang.Object, java.lang.Object)'> (0x00000000894c06a0) 
thrown [s\open\src\hotspot\share\interpreter\linkResolver.cpp, line 759]
Event: 0.171 Thread 0x00000164bc103fc0 Exception <a 'java/lang/NoSuchMethodError'{0x00000000894d9608}: 'java.lang.Object java.lang.invoke.Invokers$Holder.invokeExact_MT(java.lang.Object, java.lang.Object, java.lang.Object, java.lang.Object, java.lang.Object)'> (0x00000000894d9608) 
thrown [s\open\src\hotspot\share\interpreter\linkResolver.cpp, line 759]
Event: 0.187 Thread 0x00000164ddd4b1e0 Exception <a 'java/lang/NoSuchMethodError'{0x0000000089306fa0}: 'void java.lang.invoke.DirectMethodHandle$Holder.invokeStatic(java.lang.Object, java.lang.Object)'> (0x0000000089306fa0) 
thrown [s\open\src\hotspot\share\interpreter\linkResolver.cpp, line 759]
Event: 0.210 Thread 0x00000164bc103fc0 Exception <a 'java/lang/NoSuchMethodError'{0x000000008939dc50}: 'java.lang.Object java.lang.invoke.DirectMethodHandle$Holder.invokeStaticInit(java.lang.Object, int)'> (0x000000008939dc50) 
thrown [s\open\src\hotspot\share\interpreter\linkResolver.cpp, line 759]
Event: 0.224 Thread 0x00000164bc103fc0 Exception <a 'java/lang/NoSuchMethodError'{0x00000000893cb2d8}: 'long java.lang.invoke.DirectMethodHandle$Holder.invokeSpecial(java.lang.Object, java.lang.Object)'> (0x00000000893cb2d8) 
thrown [s\open\src\hotspot\share\interpreter\linkResolver.cpp, line 759]
Event: 0.224 Thread 0x00000164bc103fc0 Exception <a 'java/lang/NoSuchMethodError'{0x00000000893cea88}: 'long java.lang.invoke.Invokers$Holder.invokeExact_MT(java.lang.Object, java.lang.Object)'> (0x00000000893cea88) 
thrown [s\open\src\hotspot\share\interpreter\linkResolver.cpp, line 759]
Event: 0.234 Thread 0x00000164bc103fc0 Exception <a 'java/lang/NoSuchMethodError'{0x00000000893e6588}: 'java.lang.Object java.lang.invoke.DirectMethodHandle$Holder.invokeInterface(java.lang.Object, java.lang.Object)'> (0x00000000893e6588) 
thrown [s\open\src\hotspot\share\interpreter\linkResolver.cpp, line 759]
Event: 0.324 Thread 0x00000164bc103fc0 Exception <a 'java/lang/NoSuchMethodError'{0x000000008916c660}: 'java.lang.Object java.lang.invoke.DirectMethodHandle$Holder.invokeVirtual(java.lang.Object, java.lang.Object, java.lang.Object)'> (0x000000008916c660) 
thrown [s\open\src\hotspot\share\interpreter\linkResolver.cpp, line 759]
Event: 0.351 Thread 0x00000164bc103fc0 Exception <a 'java/lang/NoSuchMethodError'{0x00000000891dde80}: 'java.lang.Object java.lang.invoke.DirectMethodHandle$Holder.newInvokeSpecial(java.lang.Object, java.lang.Object, java.lang.Object, java.lang.Object, java.lang.Object)'> (0x00000000891dde80) 
thrown [s\open\src\hotspot\share\interpreter\linkResolver.cpp, line 759]
Event: 0.420 Thread 0x00000164bc103fc0 Exception <a 'java/lang/NoSuchMethodError'{0x0000000088f2abf8}: 'java.lang.Object java.lang.invoke.DirectMethodHandle$Holder.invokeStaticInit(java.lang.Object, java.lang.Object, java.lang.Object)'> (0x0000000088f2abf8) 
thrown [s\open\src\hotspot\share\interpreter\linkResolver.cpp, line 759]
Event: 0.421 Thread 0x00000164bc103fc0 Exception <a 'java/lang/NoSuchMethodError'{0x0000000088f320f0}: 'void java.lang.invoke.DirectMethodHandle$Holder.invokeStaticInit(java.lang.Object, java.lang.Object, java.lang.Object)'> (0x0000000088f320f0) 
thrown [s\open\src\hotspot\share\interpreter\linkResolver.cpp, line 759]
Event: 0.446 Thread 0x00000164bc103fc0 Exception <a 'java/lang/NoSuchMethodError'{0x0000000088fa37d8}: 'int java.lang.invoke.DirectMethodHandle$Holder.invokeVirtual(java.lang.Object, java.lang.Object)'> (0x0000000088fa37d8) 
thrown [s\open\src\hotspot\share\interpreter\linkResolver.cpp, line 759]
Event: 0.470 Thread 0x00000164bc103fc0 Exception <a 'java/lang/NoSuchMethodError'{0x0000000088e13900}: 'int java.lang.invoke.DirectMethodHandle$Holder.invokeSpecialIFC(java.lang.Object, java.lang.Object, java.lang.Object, java.lang.Object)'> (0x0000000088e13900) 
thrown [s\open\src\hotspot\share\interpreter\linkResolver.cpp, line 759]
Event: 0.479 Thread 0x00000164bc103fc0 Exception <a 'java/lang/NoSuchMethodError'{0x0000000088e3deb0}: 'int java.lang.invoke.DirectMethodHandle$Holder.invokeSpecial(java.lang.Object, java.lang.Object, java.lang.Object)'> (0x0000000088e3deb0) 
thrown [s\open\src\hotspot\share\interpreter\linkResolver.cpp, line 759]
Event: 0.495 Thread 0x00000164bc103fc0 Exception <a 'java/lang/NoSuchMethodError'{0x0000000088ea3a08}: 'void java.lang.invoke.DirectMethodHandle$Holder.invokeInterface(java.lang.Object, java.lang.Object)'> (0x0000000088ea3a08) 
thrown [s\open\src\hotspot\share\interpreter\linkResolver.cpp, line 759]
Event: 0.496 Thread 0x00000164bc103fc0 Exception <a 'java/lang/IncompatibleClassChangeError'{0x0000000088ea6f90}: Found class java.lang.Object, but interface was expected> (0x0000000088ea6f90) 
thrown [s\open\src\hotspot\share\interpreter\linkResolver.cpp, line 826]

VM Operations (4 events):
Event: 0.107 Executing VM operation: HandshakeAllThreads
Event: 0.107 Executing VM operation: HandshakeAllThreads done
Event: 0.180 Executing VM operation: HandshakeAllThreads
Event: 0.180 Executing VM operation: HandshakeAllThreads done

Events (20 events):
Event: 0.027 Thread 0x00000164bc103fc0 Thread added: 0x00000164bc103fc0
Event: 0.030 Thread 0x00000164d99ff4d0 Thread added: 0x00000164d99ff4d0
Event: 0.031 Thread 0x00000164d9a027f0 Thread added: 0x00000164d9a027f0
Event: 0.048 Thread 0x00000164d9a1d5a0 Thread added: 0x00000164d9a1d5a0
Event: 0.048 Thread 0x00000164d9a1de50 Thread added: 0x00000164d9a1de50
Event: 0.048 Thread 0x00000164d9a20ef0 Thread added: 0x00000164d9a20ef0
Event: 0.049 Thread 0x00000164d9a1e700 Thread added: 0x00000164d9a1e700
Event: 0.049 Thread 0x00000164d9a23dc0 Thread added: 0x00000164d9a23dc0
Event: 0.049 Thread 0x00000164d9a250d0 Thread added: 0x00000164d9a250d0
Event: 0.049 Thread 0x00000164d9a4b470 Thread added: 0x00000164d9a4b470
Event: 0.094 Thread 0x00000164d99ecd80 Thread added: 0x00000164d99ecd80
Event: 0.128 Loaded shared library C:\Program Files\Java\jdk-18.0.2.1\bin\zip.dll
Event: 0.132 Loaded shared library C:\Program Files\Java\jdk-18.0.2.1\bin\instrument.dll
Event: 0.140 Loaded shared library C:\Program Files\Java\jdk-18.0.2.1\bin\net.dll
Event: 0.142 Loaded shared library C:\Program Files\Java\jdk-18.0.2.1\bin\nio.dll
Event: 0.149 Loaded shared library C:\Program Files\Java\jdk-18.0.2.1\bin\zip.dll
Event: 0.176 Loaded shared library C:\Program Files\JetBrains\IntelliJ IDEA Community Edition 2022.2.1\bin\breakgen64.dll
Event: 0.176 Thread 0x00000164ddd4b1e0 Thread added: 0x00000164ddd4b1e0
Event: 0.177 Thread 0x00000164ddd4b6a0 Thread added: 0x00000164ddd4b6a0
Event: 0.258 Loaded shared library C:\Program Files\Java\jdk-18.0.2.1\bin\jimage.dll


Dynamic libraries:
0x00007ff63a440000 - 0x00007ff63a450000 	C:\Program Files\Java\jdk-18.0.2.1\bin\java.exe
0x00007ffabbc30000 - 0x00007ffabbe28000 	C:\Windows\SYSTEM32\ntdll.dll
0x00007ffabab70000 - 0x00007ffabac2f000 	C:\Windows\System32\KERNEL32.DLL
0x00007ffab9990000 - 0x00007ffab9c86000 	C:\Windows\System32\KERNELBASE.dll
0x00007ffab9500000 - 0x00007ffab9600000 	C:\Windows\System32\ucrtbase.dll
0x00007ffaa4350000 - 0x00007ffaa436a000 	C:\Program Files\Java\jdk-18.0.2.1\bin\VCRUNTIME140.dll
0x00007ffaa4510000 - 0x00007ffaa4528000 	C:\Program Files\Java\jdk-18.0.2.1\bin\jli.dll
0x00007ffabb820000 - 0x00007ffabb8cf000 	C:\Windows\System32\ADVAPI32.dll
0x00007ffabaab0000 - 0x00007ffabab4e000 	C:\Windows\System32\msvcrt.dll
0x00007ffabb3f0000 - 0x00007ffabb48c000 	C:\Windows\System32\sechost.dll
0x00007ffabb040000 - 0x00007ffabb166000 	C:\Windows\System32\RPCRT4.dll
0x00007ffabb680000 - 0x00007ffabb81d000 	C:\Windows\System32\USER32.dll
0x00007ffab9650000 - 0x00007ffab9672000 	C:\Windows\System32\win32u.dll
0x00007ffabb900000 - 0x00007ffabb92c000 	C:\Windows\System32\GDI32.dll
0x00007ffab97e0000 - 0x00007ffab98f5000 	C:\Windows\System32\gdi32full.dll
0x00007ffa9da00000 - 0x00007ffa9dc9a000 	C:\Windows\WinSxS\amd64_microsoft.windows.common-controls_6595b64144ccf1df_6.0.19041.1110_none_60b5254171f9507e\COMCTL32.dll
0x00007ffab93b0000 - 0x00007ffab944d000 	C:\Windows\System32\msvcp_win.dll
0x00007ffab21a0000 - 0x00007ffab21aa000 	C:\Windows\SYSTEM32\VERSION.dll
0x00007ffabb8d0000 - 0x00007ffabb900000 	C:\Windows\System32\IMM32.DLL
0x00007ffaa60a0000 - 0x00007ffaa60ac000 	C:\Program Files\Java\jdk-18.0.2.1\bin\vcruntime140_1.dll
0x00007ffa89c50000 - 0x00007ffa89cdd000 	C:\Program Files\Java\jdk-18.0.2.1\bin\msvcp140.dll
0x00007ffa76550000 - 0x00007ffa77161000 	C:\Program Files\Java\jdk-18.0.2.1\bin\server\jvm.dll
0x00007ffabab50000 - 0x00007ffabab58000 	C:\Windows\System32\PSAPI.DLL
0x00007ffaa5ca0000 - 0x00007ffaa5cc7000 	C:\Windows\SYSTEM32\WINMM.dll
0x00007ffab3f60000 - 0x00007ffab3f69000 	C:\Windows\SYSTEM32\WSOCK32.dll
0x00007ffabb320000 - 0x00007ffabb38b000 	C:\Windows\System32\WS2_32.dll
0x00007ffab7190000 - 0x00007ffab71a2000 	C:\Windows\SYSTEM32\kernel.appcore.dll
0x00007ffaa5a10000 - 0x00007ffaa5a1a000 	C:\Program Files\Java\jdk-18.0.2.1\bin\jimage.dll
0x00007ffa9e920000 - 0x00007ffa9eb04000 	C:\Windows\SYSTEM32\DBGHELP.DLL
0x00007ffa9ae00000 - 0x00007ffa9ae34000 	C:\Windows\SYSTEM32\dbgcore.DLL
0x00007ffab9900000 - 0x00007ffab9982000 	C:\Windows\System32\bcryptPrimitives.dll
0x00007ffaaddd0000 - 0x00007ffaaddde000 	C:\Program Files\Java\jdk-18.0.2.1\bin\instrument.dll
0x00007ffaa5690000 - 0x00007ffaa56b5000 	C:\Program Files\Java\jdk-18.0.2.1\bin\java.dll
0x00007ffa87d30000 - 0x00007ffa87e06000 	C:\Program Files\Java\jdk-18.0.2.1\bin\jsvml.dll
0x00007ffab9c90000 - 0x00007ffaba3d4000 	C:\Windows\System32\SHELL32.dll
0x00007ffab7390000 - 0x00007ffab7b23000 	C:\Windows\SYSTEM32\windows.storage.dll
0x00007ffabace0000 - 0x00007ffabb034000 	C:\Windows\System32\combase.dll
0x00007ffab8bb0000 - 0x00007ffab8bde000 	C:\Windows\SYSTEM32\Wldp.dll
0x00007ffabac30000 - 0x00007ffabacdd000 	C:\Windows\System32\SHCORE.dll
0x00007ffabb390000 - 0x00007ffabb3e5000 	C:\Windows\System32\shlwapi.dll
0x00007ffab9250000 - 0x00007ffab926f000 	C:\Windows\SYSTEM32\profapi.dll
0x00007ffaa3500000 - 0x00007ffaa3518000 	C:\Program Files\Java\jdk-18.0.2.1\bin\zip.dll
0x00007ffaa4bd0000 - 0x00007ffaa4be3000 	C:\Program Files\Java\jdk-18.0.2.1\bin\net.dll
0x00007ffab1a80000 - 0x00007ffab1b8a000 	C:\Windows\SYSTEM32\WINHTTP.dll
0x00007ffab8990000 - 0x00007ffab89fa000 	C:\Windows\system32\mswsock.dll
0x00007ffaa3960000 - 0x00007ffaa3976000 	C:\Program Files\Java\jdk-18.0.2.1\bin\nio.dll
0x00007ffaadd90000 - 0x00007ffaaddaa000 	C:\Program Files\JetBrains\IntelliJ IDEA Community Edition 2022.2.1\bin\breakgen64.dll

dbghelp: loaded successfully - version: 4.0.5 - missing functions: none
symbol engine: initialized successfully - sym options: 0x614 - pdb path: .;C:\Program Files\Java\jdk-18.0.2.1\bin;C:\Windows\SYSTEM32;C:\Windows\WinSxS\amd64_microsoft.windows.common-controls_6595b64144ccf1df_6.0.19041.1110_none_60b5254171f9507e;C:\Program Files\Java\jdk-18.0.2.1\bin\server;C:\Program Files\JetBrains\IntelliJ IDEA Community Edition 2022.2.1\bin

VM Arguments:
jvm_args: -ea -Didea.test.cyclic.buffer.size=1048576 -javaagent:C:\Program Files\JetBrains\IntelliJ IDEA Community Edition 2022.2.1\lib\idea_rt.jar=65394:C:\Program Files\JetBrains\IntelliJ IDEA Community Edition 2022.2.1\bin -Dfile.encoding=UTF-8 -Dsun.stdout.encoding=UTF-8 -Dsun.stderr.encoding=UTF-8 
java_command: com.intellij.rt.junit.JUnitStarter -ideVersion5 -junit5 core.basesyntax.service.impl.ParserServiceImplTest,parse_ok
java_class_path (initial): C:\Users\mikol\.m2\repository\org\junit\platform\junit-platform-launcher\1.9.2\junit-platform-launcher-1.9.2.jar;C:\Program Files\JetBrains\IntelliJ IDEA Community Edition 2022.2.1\lib\idea_rt.jar;C:\Program Files\JetBrains\IntelliJ IDEA Community Edition 2022.2.1\plugins\junit\lib\junit5-rt.jar;C:\Program Files\JetBrains\IntelliJ IDEA Community Edition 2022.2.1\plugins\junit\lib\junit-rt.jar;D:\MateAcademy\jv-fruit-shop-tests\target\test-classes;D:\MateAcademy\jv-fruit-shop-tests\target\classes;C:\Users\mikol\.m2\repository\org\junit\jupiter\junit-jupiter-engine\5.9.2\junit-jupiter-engine-5.9.2.jar;C:\Users\mikol\.m2\repository\org\junit\platform\junit-platform-engine\1.9.2\junit-platform-engine-1.9.2.jar;C:\Users\mikol\.m2\repository\org\opentest4j\opentest4j\1.2.0\opentest4j-1.2.0.jar;C:\Users\mikol\.m2\repository\org\junit\platform\junit-platform-commons\1.9.2\junit-platform-commons-1.9.2.jar;C:\Users\mikol\.m2\repository\org\junit\jupiter\junit-jupiter-api\5.9.2\junit-jupiter-api-5.9.2.jar;C:\Users\mikol\.m2\repository\org\apiguardian\apiguardian-api\1.1.2\apiguardian-api-1.1.2.jar;C:\Users\mikol\.m2\repository\org\junit\vintage\junit-vintage-engine\5.9.2\junit-vintage-engine-5.9.2.jar;C:\Users\mikol\.m2\repository\junit\junit\4.13.2\junit-4.13.2.jar;C:\Users\mikol\.m2\repository\org\hamcrest\hamcrest-core\1.3\hamcrest-core-1.3.jar
Launcher Type: SUN_STANDARD

[Global flags]
     intx CICompilerCount                          = 3                                         {product} {ergonomic}
     uint ConcGCThreads                            = 1                                         {product} {ergonomic}
     uint G1ConcRefinementThreads                  = 4                                         {product} {ergonomic}
   size_t G1HeapRegionSize                         = 1048576                                   {product} {ergonomic}
    uintx GCDrainStackTargetSize                   = 64                                        {product} {ergonomic}
   size_t InitialHeapSize                          = 134217728                                 {product} {ergonomic}
   size_t MarkStackSize                            = 4194304                                   {product} {ergonomic}
   size_t MaxHeapSize                              = 2124414976                                {product} {ergonomic}
   size_t MaxNewSize                               = 1274019840                                {product} {ergonomic}
   size_t MinHeapDeltaBytes                        = 1048576                                   {product} {ergonomic}
   size_t MinHeapSize                              = 8388608                                   {product} {ergonomic}
    uintx NonNMethodCodeHeapSize                   = 5832780                                {pd product} {ergonomic}
    uintx NonProfiledCodeHeapSize                  = 122912730                              {pd product} {ergonomic}
    uintx ProfiledCodeHeapSize                     = 122912730                              {pd product} {ergonomic}
    uintx ReservedCodeCacheSize                    = 251658240                              {pd product} {ergonomic}
     bool SegmentedCodeCache                       = true                                      {product} {ergonomic}
   size_t SoftMaxHeapSize                          = 2124414976                             {manageable} {ergonomic}
     bool UseCompressedClassPointers               = true                           {product lp64_product} {ergonomic}
     bool UseCompressedOops                        = true                           {product lp64_product} {ergonomic}
     bool UseG1GC                                  = true                                      {product} {ergonomic}
     bool UseLargePagesIndividualAllocation        = false                                  {pd product} {ergonomic}

Logging:
Log output configuration:
 #0: stdout all=warning uptime,level,tags foldmultilines=false
 #1: stderr all=off uptime,level,tags foldmultilines=false

Environment Variables:
JAVA_HOME=C:\Program Files\Java\jdk-18.0.2.1
PATH=C:\Program Files\Common Files\Oracle\Java\javapath;C:\Windows\system32;C:\Windows;C:\Windows\System32\Wbem;C:\Windows\System32\WindowsPowerShell\v1.0\;C:\Windows\System32\OpenSSH\;C:\Program Files\Docker\Docker\resources\bin;C:\ProgramData\DockerDesktop\version-bin;C:\Program Files\Apache\Maven\bin;C:\Program Files\Git\cmd;C:\Program Files (x86)\NVIDIA Corporation\PhysX\Common;C:\Program Files\NVIDIA Corporation\NVIDIA NvDLISR;C:\Users\mikol\AppData\Local\Programs\Python\Python311\Scripts\;C:\Users\mikol\AppData\Local\Programs\Python\Python311\;C:\Users\mikol\AppData\Local\Programs\Python\Python310\Scripts\;C:\Users\mikol\AppData\Local\Programs\Python\Python310\;C:\Users\mikol\AppData\Local\Microsoft\WindowsApps;C:\Users\mikol\AppData\Local\Programs\Microsoft VS Code\bin;D:\AppData\Local\Programs\Microsoft VS Code\Code.exe;C:\Program Files\JetBrains\PyCharm Community Edition 2021.3.2\bin;;C:\Program Files\JetBrains\IntelliJ IDEA Community Edition 2022.2.1\bin;
USERNAME=mikol
OS=Windows_NT
PROCESSOR_IDENTIFIER=Intel64 Family 6 Model 142 Stepping 9, GenuineIntel



---------------  S Y S T E M  ---------------

OS:
 Windows 10 , 64 bit Build 19041 (10.0.19041.2913)
OS uptime: 3 days 22:28 hours
Hyper-V role detected

CPU: total 4 (initial active 4) (2 cores per cpu, 2 threads per core) family 6 model 142 stepping 9 microcode 0xd6, cx8, cmov, fxsr, ht, mmx, 3dnowpref, sse, sse2, sse3, ssse3, sse4.1, sse4.2, popcnt, lzcnt, tsc, tscinvbit, avx, avx2, aes, erms, clmul, bmi1, bmi2, adx, fma, vzeroupper, clflush, clflushopt, hv

Memory: 4k page, system-wide physical 8100M (847M free)
TotalPageFile size 22329M (AvailPageFile size 2M)
current process WorkingSet (physical memory assigned to process): 50M, peak: 50M
current process commit charge ("private bytes"): 210M, peak: 210M

vm_info: Java HotSpot(TM) 64-Bit Server VM (18.0.2.1+1-1) for windows-amd64 JRE (18.0.2.1+1-1), built on Aug 16 2022 01:46:33 by "mach5one" with MS VC++ 16.8 / 16.9 (VS2019)

END.
